[2022-09-29 21:58:43.424] [exthost] [info] Extension host with pid 113700 started
[2022-09-29 21:58:43.470] [exthost] [info] ExtensionService#_doActivateExtension vscode.debug-auto-launch, startup: true, activationEvent: '*'
[2022-09-29 21:58:43.475] [exthost] [info] ExtensionService#_doActivateExtension vscode.git-base, startup: true, activationEvent: '*'
[2022-09-29 21:58:43.479] [exthost] [info] ExtensionService#_doActivateExtension vscode.ipynb, startup: true, activationEvent: '*'
[2022-09-29 21:58:43.491] [exthost] [info] ExtensionService#_doActivateExtension ms-vsliveshare.vsliveshare, startup: true, activationEvent: '*'
[2022-09-29 21:58:43.927] [exthost] [info] ExtensionService#_doActivateExtension vscodevim.vim, startup: true, activationEvent: '*'
[2022-09-29 21:58:44.689] [exthost] [info] ExtensionService#_doActivateExtension vscode.github, startup: true, activationEvent: '*'
[2022-09-29 21:58:45.559] [exthost] [error] Activating extension ms-vsliveshare.vsliveshare failed due to an error:
[2022-09-29 21:58:45.559] [exthost] [error] Error: Agent terminated with exit code: 0 and signal null: Process terminated. Couldn't find a valid ICU package installed on the system. Set the configuration flag System.Globalization.Invariant to true if you want to run with no globalization support.
   at System.Environment.FailFast(System.String)at System.Globalization.GlobalizationMode.GetGlobalizationInvariantMode()
   at System.Globalization.GlobalizationMode..cctor()
   at System.Globalization.CultureData.CreateCultureWithInvariantData()
   at System.Globalization.CultureData.get_Invariant()
   at System.Globalization.CultureInfo..cctor()at System.String.ToLowerInvariant()
   at System.Text.EncodingHelper.GetCharset()
   at System.Text.EncodingHelper.GetEncodingFromCharset()
   at System.ConsolePal.GetConsoleEncoding()
   at System.Console+<>c.<get_OutputEncoding>b__19_0()at System.Threading.LazyInitializer.EnsureInitializedCore[[System.__Canon, System.Private.CoreLib, Version=4.0.0.0, Culture=neutral, PublicKeyToken=7cec85d7bea7798e]](System.__Canon ByRef, System.Object ByRef, System.Func`1<System.__Canon>)
   at System.Threading.LazyInitializer.EnsureInitialized[[System.__Canon, System.Private.CoreLib, Version=4.0.0.0, Culture=neutral, PublicKeyToken=7cec85d7bea7798e]](System.__Canon ByRef, System.Object ByRef, System.Func`1<System.__Canon>)
   at System.Console.get_OutputEncoding()
   at System.Console.CreateOutputWriter(System.IO.Stream)
   at System.Console+<>c.<get_Out>b__26_0()
   at System.Threading.LazyInitializer.EnsureInitializedCore[[System.__Canon, System.Private.CoreLib, Version=4.0.0.0, Culture=neutral, PublicKeyToken=7cec85d7bea7798e]](System.__Canon ByRef, System.Object ByRef, System.Func`1<System.__Canon>)
   at System.Threading.LazyInitializer.EnsureInitialized[[System.__Canon, System.Private.CoreLib, Version=4.0.0.0, Culture=neutral, PublicKeyToken=7cec85d7bea7798e]](System.__Canon ByRef, System.Object ByRef, System.Func`1<System.__Canon>)
   at System.Console.get_Out()
   at Microsoft.Extensions.CommandLineUtils.CommandLineApplication..ctor(Boolean)
   at Microsoft.Cascade.Agent.Program..ctor()at Microsoft.Cascade.Agent.Program.Main(System.String[])
    at ChildProcess.<anonymous> (/home/alex/.vscode-oss/extensions/ms-vsliveshare.vsliveshare-1.0.5711/src/abstractions/node/agent.ts:304:32)
    at ChildProcess.emit (node:events:538:35)
    at maybeClose (node:internal/child_process:1092:16)
    at Socket.<anonymous> (node:internal/child_process:451:11)
    at Socket.emit (node:events:526:28)
    at Pipe.<anonymous> (node:net:687:12)
[2022-09-29 21:58:45.559] [exthost] [info] Eager extensions activated
[2022-09-29 21:58:45.561] [exthost] [info] ExtensionService#_doActivateExtension vscode.emmet, startup: false, activationEvent: 'onStartupFinished'
[2022-09-29 21:58:45.575] [exthost] [info] ExtensionService#_doActivateExtension vscode.merge-conflict, startup: false, activationEvent: 'onStartupFinished'
[2022-09-29 21:58:45.578] [exthost] [info] ExtensionService#_doActivateExtension eamodio.gitlens, startup: false, activationEvent: 'onStartupFinished'
[2022-09-29 21:58:45.687] [exthost] [info] ExtensionService#_doActivateExtension Equinusocio.vsc-material-theme, startup: false, activationEvent: 'onStartupFinished'
[2022-09-29 21:58:45.695] [exthost] [info] ExtensionService#_doActivateExtension vscode.npm, startup: false, activationEvent: 'onStartupFinished', root cause: esbenp.prettier-vscode
[2022-09-29 21:58:45.719] [exthost] [info] ExtensionService#_doActivateExtension ms-vscode-remote.remote-containers, startup: false, activationEvent: 'onStartupFinished'
[2022-09-29 21:58:45.798] [exthost] [info] ExtensionService#_doActivateExtension ms-vscode-remote.remote-wsl, startup: false, activationEvent: 'onStartupFinished'
[2022-09-29 21:58:45.829] [exthost] [info] ExtensionService#_doActivateExtension zhuangtongfa.material-theme, startup: false, activationEvent: 'onStartupFinished'
[2022-09-29 21:58:45.921] [exthost] [error] Activating extension ms-vscode-remote.remote-containers failed due to an error:
[2022-09-29 21:58:45.922] [exthost] [error] Error: Extension 'ms-vscode-remote.remote-containers' CANNOT use API proposal: resolvers.
Its package.json#enabledApiProposals-property declares:  but NOT resolvers.
 The missing proposal MUST be added and you must start in extension development mode or use the following command line switch: --enable-proposed-api ms-vscode-remote.remote-containers
    at g (/usr/lib/code/out/vs/workbench/api/node/extensionHostProcess.js:83:68142)
    at Object.registerRemoteAuthorityResolver (/usr/lib/code/out/vs/workbench/api/node/extensionHostProcess.js:106:49125)
    at a0e (/home/alex/.vscode-oss/extensions/ms-vscode-remote.remote-containers-0.245.2/dist/extension/extension.js:466:1214)
    at E._activate (/usr/lib/code/out/vs/workbench/api/node/extensionHostProcess.js:85:8224)
    at E._waitForDepsThenActivate (/usr/lib/code/out/vs/workbench/api/node/extensionHostProcess.js:85:8166)
    at E._initialize (/usr/lib/code/out/vs/workbench/api/node/extensionHostProcess.js:85:7530)
[2022-09-29 21:58:45.933] [exthost] [info] ExtensionService#_doActivateExtension esbenp.prettier-vscode, startup: false, activationEvent: 'onStartupFinished'
[2022-09-29 21:58:49.297] [exthost] [info] Extension host terminating: received terminate message from renderer
[2022-09-29 21:58:49.317] [exthost] [error] Error: ENOENT: no such file or directory, open '/home/alex/.config/Code - OSS/User/globalStorage/vscodevim.vim/.registers'
[2022-09-29 21:58:49.317] [exthost] [info] Extension host with pid 113700 exiting with code 0
