2023-01-19 19:48:22 Loading main app package /usr/lib/obsidian/obsidian.asar
2023-01-19 19:48:23 Checking for update using Github
2023-01-19 19:48:23 Success.
2023-01-19 19:48:23 Latest version is 1.1.9
2023-01-19 19:48:23 App is up to date.
2023-01-19 19:52:54 Loading main app package /usr/lib/obsidian/obsidian.asar
2023-01-19 19:52:54 Checking for update using Github
2023-01-19 19:52:54 Success.
2023-01-19 19:52:54 Latest version is 1.1.9
2023-01-19 19:52:54 App is up to date.
2023-01-19 20:01:47 Loading main app package /usr/lib/obsidian/obsidian.asar
2023-01-19 20:01:48 Checking for update using Github
2023-01-19 20:01:48 Success.
2023-01-19 20:01:48 Latest version is 1.1.9
2023-01-19 20:01:48 App is up to date.
2023-01-19 21:01:48 Checking for update using Github
2023-01-19 21:01:48 Success.
2023-01-19 21:01:48 Latest version is 1.1.9
2023-01-19 21:01:48 App is up to date.
2023-01-19 22:01:48 Checking for update using Github
2023-01-19 22:01:48 Success.
2023-01-19 22:01:48 Latest version is 1.1.9
2023-01-19 22:01:48 App is up to date.
2023-01-19 23:01:48 Checking for update using Github
2023-01-19 23:01:55 Success.
2023-01-19 23:01:55 Latest version is 1.1.9
2023-01-19 23:01:55 App is up to date.
2023-01-20 15:49:21 Loading main app package /usr/lib/obsidian/obsidian.asar
2023-01-20 15:49:21 Checking for update using Github
2023-01-20 15:49:21 Success.
2023-01-20 15:49:21 Latest version is 1.1.9
2023-01-20 15:49:21 App is up to date.
2023-01-20 15:49:46 Loading main app package /usr/lib/obsidian/obsidian.asar
2023-01-20 15:49:46 Checking for update using Github
2023-01-20 15:49:46 Success.
2023-01-20 15:49:46 Latest version is 1.1.9
2023-01-20 15:49:46 App is up to date.
2023-01-20 15:50:11 Loading main app package /usr/lib/obsidian/obsidian.asar
2023-01-20 15:50:11 Checking for update using Github
2023-01-20 15:50:11 Success.
2023-01-20 15:50:11 Latest version is 1.1.9
2023-01-20 15:50:11 App is up to date.
2023-01-20 15:50:21 Loading main app package /usr/lib/obsidian/obsidian.asar
2023-01-20 15:50:21 Checking for update using Github
2023-01-20 15:50:21 Success.
2023-01-20 15:50:21 Latest version is 1.1.9
2023-01-20 15:50:21 App is up to date.
2023-01-20 15:50:30 Loading main app package /usr/lib/obsidian/obsidian.asar
2023-01-20 15:50:31 Checking for update using Github
2023-01-20 15:50:31 Success.
2023-01-20 15:50:31 Latest version is 1.1.9
2023-01-20 15:50:31 App is up to date.
2023-01-20 15:50:40 Loading main app package /usr/lib/obsidian/obsidian.asar
2023-01-20 15:50:40 Checking for update using Github
2023-01-20 15:50:40 Success.
2023-01-20 15:50:40 Latest version is 1.1.9
2023-01-20 15:50:40 App is up to date.
2023-01-20 16:50:40 Checking for update using Github
2023-01-20 16:50:40 Success.
2023-01-20 16:50:40 Latest version is 1.1.9
2023-01-20 16:50:40 App is up to date.
2023-01-20 17:50:40 Checking for update using Github
2023-01-20 17:50:40 Success.
2023-01-20 17:50:40 Latest version is 1.1.9
2023-01-20 17:50:40 App is up to date.
2023-01-20 18:50:40 Checking for update using Github
2023-01-20 18:50:40 Success.
2023-01-20 18:50:40 Latest version is 1.1.9
2023-01-20 18:50:40 App is up to date.
2023-01-20 19:50:40 Checking for update using Github
2023-01-20 19:50:40 Success.
2023-01-20 19:50:40 Latest version is 1.1.9
2023-01-20 19:50:40 App is up to date.
2023-01-20 20:50:40 Checking for update using Github
2023-01-20 20:50:40 Success.
2023-01-20 20:50:40 Latest version is 1.1.9
2023-01-20 20:50:40 App is up to date.
2023-01-20 21:50:40 Checking for update using Github
2023-01-20 21:50:41 Success.
2023-01-20 21:50:41 Latest version is 1.1.9
2023-01-20 21:50:41 App is up to date.
2023-01-20 22:50:40 Checking for update using Github
2023-01-20 22:50:41 Success.
2023-01-20 22:50:41 Latest version is 1.1.9
2023-01-20 22:50:41 App is up to date.
2023-01-21 11:28:34 Loading main app package /usr/lib/obsidian/obsidian.asar
2023-01-21 11:28:35 Checking for update using Github
2023-01-21 11:28:35 Success.
2023-01-21 11:28:35 Latest version is 1.1.9
2023-01-21 11:28:35 App is up to date.
2023-01-21 12:28:35 Checking for update using Github
2023-01-21 12:28:35 Success.
2023-01-21 12:28:35 Latest version is 1.1.9
2023-01-21 12:28:35 App is up to date.
2023-01-21 13:28:35 Checking for update using Github
2023-01-21 13:28:35 Success.
2023-01-21 13:28:35 Latest version is 1.1.9
2023-01-21 13:28:35 App is up to date.
2023-01-21 14:28:35 Checking for update using Github
2023-01-21 14:28:35 Success.
2023-01-21 14:28:35 Latest version is 1.1.9
2023-01-21 14:28:35 App is up to date.
2023-01-21 15:28:35 Checking for update using Github
2023-01-21 15:28:35 Success.
2023-01-21 15:28:35 Latest version is 1.1.9
2023-01-21 15:28:35 App is up to date.
2023-01-21 16:07:43 Loading main app package /usr/lib/obsidian/obsidian.asar
2023-01-21 16:07:44 Checking for update using Github
2023-01-21 16:07:44 Success.
2023-01-21 16:07:44 Latest version is 1.1.9
2023-01-21 16:07:44 App is up to date.
2023-01-21 16:11:20 Loading main app package /usr/lib/obsidian/obsidian.asar
2023-01-21 16:11:20 Checking for update using Github
2023-01-21 16:11:20 Success.
2023-01-21 16:11:20 Latest version is 1.1.9
2023-01-21 16:11:20 App is up to date.
2023-01-21 17:11:20 Checking for update using Github
2023-01-21 17:11:20 Success.
2023-01-21 17:11:20 Latest version is 1.1.9
2023-01-21 17:11:20 App is up to date.
2023-01-21 18:11:20 Checking for update using Github
2023-01-21 18:11:20 Success.
2023-01-21 18:11:20 Latest version is 1.1.9
2023-01-21 18:11:20 App is up to date.
2023-01-22 10:02:14 Loading main app package /usr/lib/obsidian/obsidian.asar
2023-01-22 10:02:15 Checking for update using Github
2023-01-22 10:02:15 Success.
2023-01-22 10:02:15 Latest version is 1.1.9
2023-01-22 10:02:15 App is up to date.
2023-01-22 11:02:15 Checking for update using Github
2023-01-22 11:02:15 Success.
2023-01-22 11:02:15 Latest version is 1.1.9
2023-01-22 11:02:15 App is up to date.
2023-01-22 12:02:15 Checking for update using Github
2023-01-22 12:02:15 Success.
2023-01-22 12:02:15 Latest version is 1.1.9
2023-01-22 12:02:15 App is up to date.
2023-01-22 13:02:15 Checking for update using Github
2023-01-22 13:02:15 Success.
2023-01-22 13:02:15 Latest version is 1.1.9
2023-01-22 13:02:15 App is up to date.
2023-01-22 14:02:15 Checking for update using Github
2023-01-22 14:02:15 Success.
2023-01-22 14:02:15 Latest version is 1.1.9
2023-01-22 14:02:15 App is up to date.
2023-01-22 15:02:15 Checking for update using Github
2023-01-22 15:02:15 Success.
2023-01-22 15:02:15 Latest version is 1.1.9
2023-01-22 15:02:15 App is up to date.
2023-01-22 16:02:15 Checking for update using Github
2023-01-22 16:02:15 Success.
2023-01-22 16:02:15 Latest version is 1.1.9
2023-01-22 16:02:15 App is up to date.
2023-01-22 17:02:15 Checking for update using Github
2023-01-22 17:02:15 Success.
2023-01-22 17:02:15 Latest version is 1.1.9
2023-01-22 17:02:15 App is up to date.
2023-01-22 18:02:15 Checking for update using Github
2023-01-22 18:02:15 Success.
2023-01-22 18:02:15 Latest version is 1.1.9
2023-01-22 18:02:15 App is up to date.
2023-01-23 09:42:56 Loading main app package /usr/lib/obsidian/obsidian.asar
2023-01-23 09:42:56 Checking for update using Github
2023-01-23 09:42:56 Success.
2023-01-23 09:42:56 Latest version is 1.1.9
2023-01-23 09:42:56 App is up to date.
2023-01-23 10:42:56 Checking for update using Github
2023-01-23 10:42:56 Success.
2023-01-23 10:42:56 Latest version is 1.1.9
2023-01-23 10:42:56 App is up to date.
2023-01-23 11:42:56 Checking for update using Github
2023-01-23 11:42:56 Success.
2023-01-23 11:42:56 Latest version is 1.1.9
2023-01-23 11:42:56 App is up to date.
2023-01-23 12:42:56 Checking for update using Github
2023-01-23 12:42:56 Success.
2023-01-23 12:42:56 Latest version is 1.1.9
2023-01-23 12:42:56 App is up to date.
2023-01-23 13:42:56 Checking for update using Github
2023-01-23 13:42:56 Success.
2023-01-23 13:42:56 Latest version is 1.1.9
2023-01-23 13:42:56 App is up to date.
2023-01-23 14:42:56 Checking for update using Github
2023-01-23 14:42:56 Success.
2023-01-23 14:42:56 Latest version is 1.1.9
2023-01-23 14:42:56 App is up to date.
2023-01-23 15:42:56 Checking for update using Github
2023-01-23 15:42:56 Success.
2023-01-23 15:42:56 Latest version is 1.1.9
2023-01-23 15:42:56 App is up to date.
2023-01-23 16:42:56 Checking for update using Github
2023-01-23 16:42:57 Success.
2023-01-23 16:42:57 Latest version is 1.1.9
2023-01-23 16:42:57 App is up to date.
2023-01-23 17:42:57 Checking for update using Github
2023-01-23 17:42:57 Success.
2023-01-23 17:42:57 Latest version is 1.1.9
2023-01-23 17:42:57 App is up to date.
2023-01-31 19:33:09 Loading main app package /usr/lib/obsidian/obsidian.asar
2023-01-31 19:33:09 Checking for update using Github
2023-01-31 19:33:09 Success.
2023-01-31 19:33:09 Latest version is 1.1.9
2023-01-31 19:33:09 App is up to date.
2023-01-31 20:33:09 Checking for update using Github
2023-01-31 20:33:09 Success.
2023-01-31 20:33:09 Latest version is 1.1.9
2023-01-31 20:33:09 App is up to date.
2023-01-31 21:33:09 Checking for update using Github
2023-01-31 21:33:09 Success.
2023-01-31 21:33:09 Latest version is 1.1.9
2023-01-31 21:33:09 App is up to date.
2023-01-31 22:33:09 Checking for update using Github
2023-01-31 22:33:09 Success.
2023-01-31 22:33:09 Latest version is 1.1.9
2023-01-31 22:33:09 App is up to date.
2023-01-31 22:39:06 Loading main app package /usr/lib/obsidian/obsidian.asar
2023-01-31 22:39:06 Checking for update using Github
2023-02-01 18:41:39 Loading main app package /usr/lib/obsidian/obsidian.asar
2023-02-01 18:41:40 Checking for update using Github
2023-02-01 18:41:40 Success.
2023-02-01 18:41:40 Latest version is 1.1.9
2023-02-01 18:41:40 App is up to date.
2023-02-01 19:41:39 Checking for update using Github
2023-02-01 19:41:40 Success.
2023-02-01 19:41:40 Latest version is 1.1.9
2023-02-01 19:41:40 App is up to date.
2023-02-01 20:41:40 Checking for update using Github
2023-02-01 20:41:40 Success.
2023-02-01 20:41:40 Latest version is 1.1.9
2023-02-01 20:41:40 App is up to date.
2023-02-01 21:41:40 Checking for update using Github
2023-02-01 21:41:40 Success.
2023-02-01 21:41:40 Latest version is 1.1.9
2023-02-01 21:41:40 App is up to date.
2023-02-01 22:41:40 Checking for update using Github
2023-02-01 22:41:40 Success.
2023-02-01 22:41:40 Latest version is 1.1.9
2023-02-01 22:41:40 App is up to date.
2023-02-01 23:41:40 Checking for update using Github
2023-02-01 23:41:40 Success.
2023-02-01 23:41:40 Latest version is 1.1.9
2023-02-01 23:41:40 App is up to date.
2023-02-02 13:48:49 Loading main app package /usr/lib/obsidian/obsidian.asar
2023-02-02 13:48:50 Checking for update using Github
2023-02-02 13:48:50 Success.
2023-02-02 13:48:50 Latest version is 1.1.9
2023-02-02 13:48:50 App is up to date.
2023-02-08 16:22:15 Loading main app package /usr/lib/obsidian/obsidian.asar
2023-02-08 16:22:16 Checking for update using Github
2023-02-08 16:22:16 Success.
2023-02-08 16:22:16 Latest version is 1.1.9
2023-02-08 16:22:16 App is up to date.
2023-02-08 17:22:16 Checking for update using Github
2023-02-08 17:22:16 Success.
2023-02-08 17:22:16 Latest version is 1.1.9
2023-02-08 17:22:16 App is up to date.
2023-02-12 19:25:09 Loading main app package /usr/lib/obsidian/obsidian.asar
2023-02-12 19:25:09 Checking for update using Github
2023-02-12 19:25:09 Success.
2023-02-12 19:25:09 Latest version is 1.1.9
2023-02-12 19:25:09 App is up to date.
2023-02-12 20:25:09 Checking for update using Github
2023-02-12 20:25:09 Success.
2023-02-12 20:25:09 Latest version is 1.1.9
2023-02-12 20:25:09 App is up to date.
2023-02-13 21:40:03 Loading main app package /usr/lib/obsidian/obsidian.asar
2023-02-13 21:40:04 Checking for update using Github
2023-02-13 21:40:04 Success.
2023-02-13 21:40:04 Latest version is 1.1.9
2023-02-13 21:40:04 App is up to date.
2023-03-12 10:29:48 Loading main app package /usr/lib/obsidian/obsidian.asar
2023-03-12 10:29:48 Checking for update using Github
2023-03-12 10:29:48 Success.
2023-03-12 10:29:48 Latest version is 1.1.16
2023-03-12 10:29:48 App is up to date.
2023-03-12 10:31:58 Loading main app package /usr/lib/obsidian/obsidian.asar
2023-03-12 10:31:58 Checking for update using Github
2023-03-12 10:31:58 Success.
2023-03-12 10:31:58 Latest version is 1.1.16
2023-03-12 10:31:58 App is up to date.
2023-03-12 11:31:58 Checking for update using Github
2023-03-12 11:31:58 Success.
2023-03-12 11:31:58 Latest version is 1.1.16
2023-03-12 11:31:58 App is up to date.
2023-03-14 16:28:44 Loading main app package /usr/lib/obsidian/obsidian.asar
2023-03-14 16:28:45 Checking for update using Github
2023-03-14 16:28:45 Success.
2023-03-14 16:28:45 Latest version is 1.1.16
2023-03-14 16:28:45 App is up to date.
2023-03-14 17:28:44 Checking for update using Github
2023-03-14 17:28:45 Success.
2023-03-14 17:28:45 Latest version is 1.1.16
2023-03-14 17:28:45 App is up to date.
2023-03-14 18:28:45 Checking for update using Github
2023-03-14 18:28:45 Success.
2023-03-14 18:28:45 Latest version is 1.1.16
2023-03-14 18:28:45 App is up to date.
2023-03-14 19:28:45 Checking for update using Github
2023-03-14 19:28:45 Success.
2023-03-14 19:28:45 Latest version is 1.1.16
2023-03-14 19:28:45 App is up to date.
2023-03-14 20:28:45 Checking for update using Github
2023-03-14 20:28:45 Success.
2023-03-14 20:28:45 Latest version is 1.1.16
2023-03-14 20:28:45 App is up to date.
2023-03-14 21:28:45 Checking for update using Github
2023-03-14 21:28:45 Success.
2023-03-14 21:28:45 Latest version is 1.1.16
2023-03-14 21:28:45 App is up to date.
2023-03-14 22:28:45 Checking for update using Github
2023-03-14 22:28:45 Success.
2023-03-14 22:28:45 Latest version is 1.1.16
2023-03-14 22:28:45 App is up to date.
2023-03-15 12:21:47 Loading main app package /usr/lib/obsidian/obsidian.asar
2023-03-15 12:21:47 Checking for update using Github
2023-03-15 12:21:47 Success.
2023-03-15 12:21:47 Latest version is 1.1.16
2023-03-15 12:21:47 App is up to date.
2023-03-15 13:21:47 Checking for update using Github
2023-03-15 13:21:47 Success.
2023-03-15 13:21:47 Latest version is 1.1.16
2023-03-15 13:21:47 App is up to date.
2023-03-15 14:21:47 Checking for update using Github
2023-03-15 14:21:47 Success.
2023-03-15 14:21:47 Latest version is 1.1.16
2023-03-15 14:21:47 App is up to date.
2023-03-15 15:21:47 Checking for update using Github
2023-03-15 15:21:47 Success.
2023-03-15 15:21:47 Latest version is 1.1.16
2023-03-15 15:21:47 App is up to date.
2023-03-15 16:21:47 Checking for update using Github
2023-03-15 16:21:47 Success.
2023-03-15 16:21:47 Latest version is 1.1.16
2023-03-15 16:21:47 App is up to date.
2023-03-15 17:21:47 Checking for update using Github
2023-03-15 17:21:47 Success.
2023-03-15 17:21:47 Latest version is 1.1.16
2023-03-15 17:21:47 App is up to date.
2023-03-15 18:21:47 Checking for update using Github
2023-03-15 18:21:47 Success.
2023-03-15 18:21:47 Latest version is 1.1.16
2023-03-15 18:21:47 App is up to date.
2023-03-15 19:21:47 Checking for update using Github
2023-03-15 19:21:47 Success.
2023-03-15 19:21:47 Latest version is 1.1.16
2023-03-15 19:21:47 App is up to date.
2023-03-15 20:21:47 Checking for update using Github
2023-03-15 20:21:47 Success.
2023-03-15 20:21:47 Latest version is 1.1.16
2023-03-15 20:21:47 App is up to date.
2023-03-15 21:21:47 Checking for update using Github
2023-03-15 21:21:47 Success.
2023-03-15 21:21:47 Latest version is 1.1.16
2023-03-15 21:21:47 App is up to date.
2023-03-15 22:21:47 Checking for update using Github
2023-03-15 22:21:48 Success.
2023-03-15 22:21:48 Latest version is 1.1.16
2023-03-15 22:21:48 App is up to date.
2023-03-20 16:19:39 Loading main app package /usr/lib/obsidian/obsidian.asar
2023-03-20 16:19:39 Checking for update using Github
2023-03-20 16:19:40 Success.
2023-03-20 16:19:40 Latest version is 1.1.16
2023-03-20 16:19:40 App is up to date.
2023-03-20 17:19:39 Checking for update using Github
2023-03-20 17:19:39 Success.
2023-03-20 17:19:39 Latest version is 1.1.16
2023-03-20 17:19:39 App is up to date.
2023-03-20 18:19:39 Checking for update using Github
2023-03-20 18:19:39 Success.
2023-03-20 18:19:39 Latest version is 1.1.16
2023-03-20 18:19:39 App is up to date.
2023-03-20 19:19:39 Checking for update using Github
2023-03-20 19:19:40 Success.
2023-03-20 19:19:40 Latest version is 1.1.16
2023-03-20 19:19:40 App is up to date.
2023-03-20 20:19:40 Checking for update using Github
2023-03-20 20:19:40 Success.
2023-03-20 20:19:40 Latest version is 1.1.16
2023-03-20 20:19:40 App is up to date.
2023-03-20 21:19:40 Checking for update using Github
2023-03-20 21:19:40 Success.
2023-03-20 21:19:40 Latest version is 1.1.16
2023-03-20 21:19:40 App is up to date.
2023-03-20 22:19:40 Checking for update using Github
2023-03-20 22:19:40 Success.
2023-03-20 22:19:40 Latest version is 1.1.16
2023-03-20 22:19:40 App is up to date.
2023-03-21 17:45:50 Loading main app package /usr/lib/obsidian/obsidian.asar
2023-03-21 17:45:50 Checking for update using Github
2023-03-21 17:45:50 Success.
2023-03-21 17:45:50 Latest version is 1.1.16
2023-03-21 17:45:50 App is up to date.
2023-03-21 18:45:50 Checking for update using Github
2023-03-21 18:45:50 Success.
2023-03-21 18:45:50 Latest version is 1.1.16
2023-03-21 18:45:50 App is up to date.
2023-03-21 19:45:50 Checking for update using Github
2023-03-21 19:45:50 Success.
2023-03-21 19:45:50 Latest version is 1.1.16
2023-03-21 19:45:50 App is up to date.
2023-03-21 20:45:50 Checking for update using Github
2023-03-21 20:45:50 Success.
2023-03-21 20:45:50 Latest version is 1.1.16
2023-03-21 20:45:50 App is up to date.
2023-03-21 21:45:50 Checking for update using Github
2023-03-21 21:45:50 Success.
2023-03-21 21:45:50 Latest version is 1.1.16
2023-03-21 21:45:50 App is up to date.
2023-03-21 22:45:50 Checking for update using Github
2023-03-21 22:45:50 Success.
2023-03-21 22:45:50 Latest version is 1.1.16
2023-03-21 22:45:50 App is up to date.
2023-03-22 12:00:04 Loading main app package /usr/lib/obsidian/obsidian.asar
2023-03-22 12:00:05 Checking for update using Github
2023-03-22 12:00:05 Success.
2023-03-22 12:00:05 Latest version is 1.1.16
2023-03-22 12:00:05 App is up to date.
2023-03-22 13:00:04 Checking for update using Github
2023-03-22 13:00:04 Success.
2023-03-22 13:00:04 Latest version is 1.1.16
2023-03-22 13:00:04 App is up to date.
2023-03-22 14:00:04 Checking for update using Github
2023-03-22 14:00:05 Success.
2023-03-22 14:00:05 Latest version is 1.1.16
2023-03-22 14:00:05 App is up to date.
2023-03-22 15:00:05 Checking for update using Github
2023-03-22 15:00:05 Success.
2023-03-22 15:00:05 Latest version is 1.1.16
2023-03-22 15:00:05 App is up to date.
2023-03-22 16:00:05 Checking for update using Github
2023-03-22 16:00:05 Success.
2023-03-22 16:00:05 Latest version is 1.1.16
2023-03-22 16:00:05 App is up to date.
2023-03-22 17:00:05 Checking for update using Github
2023-03-22 17:00:05 Success.
2023-03-22 17:00:05 Latest version is 1.1.16
2023-03-22 17:00:05 App is up to date.
2023-03-22 18:00:05 Checking for update using Github
2023-03-22 18:00:05 Success.
2023-03-22 18:00:05 Latest version is 1.1.16
2023-03-22 18:00:05 App is up to date.
2023-03-22 19:00:05 Checking for update using Github
2023-03-22 19:00:05 Success.
2023-03-22 19:00:05 Latest version is 1.1.16
2023-03-22 19:00:05 App is up to date.
2023-03-22 20:00:05 Checking for update using Github
2023-03-22 20:00:05 Success.
2023-03-22 20:00:05 Latest version is 1.1.16
2023-03-22 20:00:05 App is up to date.
2023-03-22 21:00:05 Checking for update using Github
2023-03-22 21:00:05 Success.
2023-03-22 21:00:05 Latest version is 1.1.16
2023-03-22 21:00:05 App is up to date.
2023-03-22 22:00:05 Checking for update using Github
2023-03-22 22:00:05 Success.
2023-03-22 22:00:05 Latest version is 1.1.16
2023-03-22 22:00:05 App is up to date.
2023-03-22 23:00:05 Checking for update using Github
2023-03-22 23:00:05 Success.
2023-03-22 23:00:05 Latest version is 1.1.16
2023-03-22 23:00:05 App is up to date.
2023-04-03 09:27:39 Loading main app package /usr/lib/obsidian/obsidian.asar
2023-04-03 09:27:39 Checking for update using Github
2023-04-03 09:27:39 Success.
2023-04-03 09:27:39 Latest version is 1.1.16
2023-04-03 09:27:39 App is up to date.
2023-04-03 10:27:39 Checking for update using Github
2023-04-03 10:27:39 Success.
2023-04-03 10:27:39 Latest version is 1.1.16
2023-04-03 10:27:39 App is up to date.
2023-04-03 11:27:39 Checking for update using Github
2023-04-03 11:27:39 Success.
2023-04-03 11:27:39 Latest version is 1.1.16
2023-04-03 11:27:39 App is up to date.
2023-04-03 12:27:39 Checking for update using Github
2023-04-03 12:27:39 Success.
2023-04-03 12:27:39 Latest version is 1.1.16
2023-04-03 12:27:39 App is up to date.
2023-04-03 13:27:39 Checking for update using Github
2023-04-03 13:27:39 Success.
2023-04-03 13:27:39 Latest version is 1.1.16
2023-04-03 13:27:39 App is up to date.
2023-04-03 14:27:39 Checking for update using Github
2023-04-03 14:27:39 Success.
2023-04-03 14:27:39 Latest version is 1.1.16
2023-04-03 14:27:39 App is up to date.
2023-04-03 15:27:39 Checking for update using Github
2023-04-03 15:27:39 Success.
2023-04-03 15:27:39 Latest version is 1.1.16
2023-04-03 15:27:39 App is up to date.
2023-04-03 16:27:39 Checking for update using Github
2023-04-03 16:27:39 Success.
2023-04-03 16:27:39 Latest version is 1.1.16
2023-04-03 16:27:39 App is up to date.
2023-04-03 17:27:39 Checking for update using Github
2023-04-03 17:27:39 Success.
2023-04-03 17:27:39 Latest version is 1.1.16
2023-04-03 17:27:39 App is up to date.
2023-04-03 18:27:39 Checking for update using Github
2023-04-03 18:27:39 Success.
2023-04-03 18:27:39 Latest version is 1.1.16
2023-04-03 18:27:39 App is up to date.
2023-04-03 19:27:39 Checking for update using Github
2023-04-03 19:27:40 Success.
2023-04-03 19:27:40 Latest version is 1.1.16
2023-04-03 19:27:40 App is up to date.
2023-04-03 20:27:40 Checking for update using Github
2023-04-03 20:27:40 Success.
2023-04-03 20:27:40 Latest version is 1.1.16
2023-04-03 20:27:40 App is up to date.
2023-04-03 21:27:40 Checking for update using Github
2023-04-03 21:27:40 Success.
2023-04-03 21:27:40 Latest version is 1.1.16
2023-04-03 21:27:40 App is up to date.
2023-04-03 22:27:40 Checking for update using Github
2023-04-03 22:27:40 Success.
2023-04-03 22:27:40 Latest version is 1.1.16
2023-04-03 22:27:40 App is up to date.
2023-04-04 12:45:31 Loading main app package /usr/lib/obsidian/obsidian.asar
2023-04-04 12:45:31 Checking for update using Github
2023-04-04 12:45:31 Success.
2023-04-04 12:45:31 Latest version is 1.1.16
2023-04-04 12:45:31 App is up to date.
2023-04-04 13:45:31 Checking for update using Github
2023-04-04 13:45:31 Success.
2023-04-04 13:45:31 Latest version is 1.1.16
2023-04-04 13:45:31 App is up to date.
2023-04-04 14:45:31 Checking for update using Github
2023-04-04 14:45:31 Success.
2023-04-04 14:45:31 Latest version is 1.1.16
2023-04-04 14:45:31 App is up to date.
2023-04-04 15:45:31 Checking for update using Github
2023-04-04 15:45:31 Success.
2023-04-04 15:45:31 Latest version is 1.1.16
2023-04-04 15:45:31 App is up to date.
2023-04-04 16:45:31 Checking for update using Github
2023-04-04 16:45:31 Success.
2023-04-04 16:45:31 Latest version is 1.1.16
2023-04-04 16:45:31 App is up to date.
2023-04-04 17:45:31 Checking for update using Github
2023-04-04 17:45:31 Success.
2023-04-04 17:45:31 Latest version is 1.1.16
2023-04-04 17:45:31 App is up to date.
2023-04-04 18:45:31 Checking for update using Github
2023-04-04 18:45:32 Success.
2023-04-04 18:45:32 Latest version is 1.1.16
2023-04-04 18:45:32 App is up to date.
2023-04-04 19:45:32 Checking for update using Github
2023-04-04 19:45:32 Success.
2023-04-04 19:45:32 Latest version is 1.1.16
2023-04-04 19:45:32 App is up to date.
2023-04-04 20:45:32 Checking for update using Github
2023-04-04 20:45:32 Success.
2023-04-04 20:45:32 Latest version is 1.1.16
2023-04-04 20:45:32 App is up to date.
2023-04-04 21:45:32 Checking for update using Github
2023-04-04 21:45:32 Success.
2023-04-04 21:45:32 Latest version is 1.1.16
2023-04-04 21:45:32 App is up to date.
2023-04-04 22:45:32 Checking for update using Github
2023-04-04 22:45:32 Success.
2023-04-04 22:45:32 Latest version is 1.1.16
2023-04-04 22:45:32 App is up to date.
2023-04-25 19:53:52 Loading main app package /usr/lib/obsidian/obsidian.asar
2023-04-25 19:53:52 Checking for update using Github
2023-04-25 19:53:52 Success.
2023-04-25 19:53:52 Latest version is 1.1.16
2023-04-25 19:53:52 App is up to date.
2023-04-27 16:33:26 Loading main app package /usr/lib/obsidian/obsidian.asar
2023-04-27 16:33:26 Checking for update using Github
2023-04-27 16:33:27 Success.
2023-04-27 16:33:27 Latest version is 1.1.16
2023-04-27 16:33:27 App is up to date.
2023-04-27 17:33:26 Checking for update using Github
2023-04-27 17:33:26 Success.
2023-04-27 17:33:26 Latest version is 1.1.16
2023-04-27 17:33:26 App is up to date.
2023-04-28 09:15:13 Loading main app package /usr/lib/obsidian/obsidian.asar
2023-04-28 09:15:13 Checking for update using Github
2023-04-28 09:15:13 Success.
2023-04-28 09:15:13 Latest version is 1.1.16
2023-04-28 09:15:13 App is up to date.
2023-04-28 10:15:13 Checking for update using Github
2023-04-28 10:15:13 Success.
2023-04-28 10:15:13 Latest version is 1.1.16
2023-04-28 10:15:13 App is up to date.
2023-04-28 16:58:17 Loading main app package /usr/lib/obsidian/obsidian.asar
2023-04-28 16:58:17 Checking for update using Github
2023-04-28 16:58:17 Success.
2023-04-28 16:58:17 Latest version is 1.1.16
2023-04-28 16:58:17 App is up to date.
2023-04-28 17:58:17 Checking for update using Github
2023-04-28 17:58:17 Success.
2023-04-28 17:58:17 Latest version is 1.1.16
2023-04-28 17:58:17 App is up to date.
2023-04-28 18:58:17 Checking for update using Github
2023-04-28 18:58:17 Success.
2023-04-28 18:58:17 Latest version is 1.1.16
2023-04-28 18:58:17 App is up to date.
2023-04-28 19:58:17 Checking for update using Github
2023-04-28 19:58:17 Success.
2023-04-28 19:58:17 Latest version is 1.1.16
2023-04-28 19:58:17 App is up to date.
2023-04-28 20:58:17 Checking for update using Github
2023-04-28 20:58:17 Success.
2023-04-28 20:58:17 Latest version is 1.1.16
2023-04-28 20:58:17 App is up to date.
2023-04-28 21:58:17 Checking for update using Github
2023-04-28 21:58:17 Success.
2023-04-28 21:58:17 Latest version is 1.1.16
2023-04-28 21:58:17 App is up to date.
2023-04-28 22:58:17 Checking for update using Github
2023-04-28 22:58:17 Success.
2023-04-28 22:58:17 Latest version is 1.1.16
2023-04-28 22:58:17 App is up to date.
2023-05-05 08:59:33 Loading main app package /usr/lib/obsidian/obsidian.asar
2023-05-05 08:59:34 Checking for update using Github
2023-05-05 08:59:34 Success.
2023-05-05 08:59:34 Latest version is 1.2.7
2023-05-05 08:59:34 Downloading update from https://github.com/obsidianmd/obsidian-releases/releases/download/v1.2.7/obsidian-1.2.7.asar.gz
2023-05-05 08:59:34 Verifying hash & signature. Size= 6032857
2023-05-05 08:59:34 Saving file
2023-05-05 08:59:34 Update complete.
