[2022-10-15 11:54:50.298] [renderer1] [critical] Extension 'ms-python.python CANNOT USE these API proposals 'quickPickSortByLabel, testObserver'. You MUST start in extension development mode or use the --enable-proposed-api command line flag
[2022-10-15 11:54:50.299] [renderer1] [critical] Extension 'ms-toolsai.jupyter' wants API proposal 'notebookWorkspaceEdit' but that proposal DOES NOT EXIST. Likely, the proposal has been finalized (check 'vscode.d.ts') or was abandoned.
[2022-10-15 11:54:50.299] [renderer1] [critical] Extension 'ms-toolsai.jupyter CANNOT USE these API proposals 'notebookControllerKind, notebookDebugOptions, notebookDeprecated, notebookMessaging, notebookMime, notebookCellExecutionState, portsAttributes, quickPickSortByLabel, notebookKernelSource, interactiveWindow'. You MUST start in extension development mode or use the --enable-proposed-api command line flag
[2022-10-15 11:54:50.299] [renderer1] [critical] Extension 'ms-vscode-remote.remote-containers CANNOT USE these API proposals 'resolvers, workspaceTrust, terminalDimensions, contribViewsRemote'. You MUST start in extension development mode or use the --enable-proposed-api command line flag
[2022-10-15 11:54:50.299] [renderer1] [critical] Extension 'ms-vscode-remote.remote-ssh CANNOT USE these API proposals 'resolvers, terminalDataWriteEvent, contribViewsRemote, telemetry'. You MUST start in extension development mode or use the --enable-proposed-api command line flag
[2022-10-15 11:54:50.299] [renderer1] [critical] Extension 'ms-vscode-remote.remote-wsl CANNOT USE these API proposals 'resolvers, contribViewsRemote, telemetry'. You MUST start in extension development mode or use the --enable-proposed-api command line flag
[2022-10-15 11:54:50.299] [renderer1] [critical] Extension 'ms-vscode.cpptools CANNOT USE these API proposals 'terminalDataWriteEvent'. You MUST start in extension development mode or use the --enable-proposed-api command line flag
[2022-10-15 11:54:50.300] [renderer1] [critical] Extension 'ms-vsliveshare.vsliveshare' wants API proposal 'notebookWorkspaceEdit' but that proposal DOES NOT EXIST. Likely, the proposal has been finalized (check 'vscode.d.ts') or was abandoned.
[2022-10-15 11:54:50.300] [renderer1] [critical] Extension 'ms-vsliveshare.vsliveshare' wants API proposal 'notebookDocumentEvents' but that proposal DOES NOT EXIST. Likely, the proposal has been finalized (check 'vscode.d.ts') or was abandoned.
[2022-10-15 11:54:50.300] [renderer1] [critical] Extension 'ms-vsliveshare.vsliveshare CANNOT USE these API proposals 'contribMenuBarHome, diffCommand, documentFiltersExclusive, fileSearchProvider, findTextInFiles, notebookCellExecutionState, notebookContentProvider, notebookEditor, notebookLiveShare, terminalDimensions, terminalDataWriteEvent, textSearchProvider'. You MUST start in extension development mode or use the --enable-proposed-api command line flag
[2022-10-15 11:54:50.397] [renderer1] [info] [eamodio.gitlens]: Command `gitlens.copyAutolinkUrl` appears multiple times in the `commands` section.
[2022-10-15 11:54:50.399] [renderer1] [info] [ms-toolsai.jupyter]: Command `jupyter.selectNativeJupyterUriFromToolBar` appears multiple times in the `commands` section.
[2022-10-15 11:54:50.408] [renderer1] [error] [ms-toolsai.jupyter]: notebook/kernelSource is a proposed menu identifier. It requires 'package.json#enabledApiProposals: ["notebookKernelSource"]' and is only available when running out of dev or with the following command line switch: --enable-proposed-api ms-toolsai.jupyter
[2022-10-15 11:54:50.410] [renderer1] [error] [ms-vsliveshare.vsliveshare]: menuBar/home is a proposed menu identifier. It requires 'package.json#enabledApiProposals: ["contribMenuBarHome"]' and is only available when running out of dev or with the following command line switch: --enable-proposed-api ms-vsliveshare.vsliveshare
[2022-10-15 11:54:50.458] [renderer1] [warning] [ms-vscode-remote.remote-containers]: View container 'remote' requires 'enabledApiProposals: ["contribViewsRemote"]' to be added to 'Remote'.
[2022-10-15 11:54:50.458] [renderer1] [warning] [ms-vscode-remote.remote-ssh]: View container 'remote' requires 'enabledApiProposals: ["contribViewsRemote"]' to be added to 'Remote'.
[2022-10-15 11:54:50.459] [renderer1] [warning] [ms-vscode-remote.remote-wsl]: View container 'remote' requires 'enabledApiProposals: ["contribViewsRemote"]' to be added to 'Remote'.
[2022-10-15 11:54:51.315] [renderer1] [error] [Extension Host] (node:36764) [DEP0005] DeprecationWarning: Buffer() is deprecated due to security and usability issues. Please use the Buffer.alloc(), Buffer.allocUnsafe(), or Buffer.from() methods instead.
(Use `electron --trace-deprecation ...` to show where the warning was created)
[2022-10-15 11:54:52.346] [renderer1] [error] ENOENT: no such file or directory, open '/home/alex/.config/Code - OSS/User/globalStorage/vscodevim.vim/.registers': Error: ENOENT: no such file or directory, open '/home/alex/.config/Code - OSS/User/globalStorage/vscodevim.vim/.registers'
[2022-10-15 11:54:52.770] [renderer1] [critical] Extension 'ms-vscode.cpptools CANNOT USE these API proposals 'terminalDataWriteEvent'. You MUST start in extension development mode or use the --enable-proposed-api command line flag
[2022-10-15 11:54:52.824] [renderer1] [info] [eamodio.gitlens]: Command `gitlens.copyAutolinkUrl` appears multiple times in the `commands` section.
[2022-10-15 11:54:52.826] [renderer1] [info] [ms-toolsai.jupyter]: Command `jupyter.selectNativeJupyterUriFromToolBar` appears multiple times in the `commands` section.
[2022-10-15 11:54:52.835] [renderer1] [error] [ms-toolsai.jupyter]: notebook/kernelSource is a proposed menu identifier. It requires 'package.json#enabledApiProposals: ["notebookKernelSource"]' and is only available when running out of dev or with the following command line switch: --enable-proposed-api ms-toolsai.jupyter
[2022-10-15 11:54:52.838] [renderer1] [error] [ms-vsliveshare.vsliveshare]: menuBar/home is a proposed menu identifier. It requires 'package.json#enabledApiProposals: ["contribMenuBarHome"]' and is only available when running out of dev or with the following command line switch: --enable-proposed-api ms-vsliveshare.vsliveshare
[2022-10-15 11:54:54.227] [renderer1] [error] [Extension Host] Error: 
    at /home/alex/.vscode-oss/extensions/kiteco.kite-0.147.0/node_modules/kite-connector/lib/support/linux.js:118:18
    at suppressedCallback (node:fs:263:5)
    at FSReqCallback.oncomplete (node:fs:188:23)
[2022-10-15 11:54:54.582] [renderer1] [error] An unknown error occurred. Please consult the log for more details.: Error: 
    at /home/alex/.vscode-oss/extensions/kiteco.kite-0.147.0/node_modules/kite-connector/lib/support/linux.js:118:18
    at suppressedCallback (node:fs:263:5)
    at FSReqCallback.oncomplete (node:fs:188:23)
[2022-10-15 11:54:58.536] [renderer1] [error] [Extension Host] Error: 
    at /home/alex/.vscode-oss/extensions/kiteco.kite-0.147.0/node_modules/kite-connector/lib/support/linux.js:118:18
    at suppressedCallback (node:fs:263:5)
    at FSReqCallback.oncomplete (node:fs:188:23)
[2022-10-15 11:55:03.535] [renderer1] [error] [Extension Host] Error: 
    at /home/alex/.vscode-oss/extensions/kiteco.kite-0.147.0/node_modules/kite-connector/lib/support/linux.js:118:18
    at suppressedCallback (node:fs:263:5)
    at FSReqCallback.oncomplete (node:fs:188:23)
[2022-10-15 11:55:08.537] [renderer1] [error] [Extension Host] Error: 
    at /home/alex/.vscode-oss/extensions/kiteco.kite-0.147.0/node_modules/kite-connector/lib/support/linux.js:118:18
    at suppressedCallback (node:fs:263:5)
    at FSReqCallback.oncomplete (node:fs:188:23)
[2022-10-15 11:55:13.540] [renderer1] [error] [Extension Host] Error: 
    at /home/alex/.vscode-oss/extensions/kiteco.kite-0.147.0/node_modules/kite-connector/lib/support/linux.js:118:18
    at suppressedCallback (node:fs:263:5)
    at FSReqCallback.oncomplete (node:fs:188:23)
[2022-10-15 11:55:18.540] [renderer1] [error] [Extension Host] Error: 
    at /home/alex/.vscode-oss/extensions/kiteco.kite-0.147.0/node_modules/kite-connector/lib/support/linux.js:118:18
    at suppressedCallback (node:fs:263:5)
    at FSReqCallback.oncomplete (node:fs:188:23)
[2022-10-15 11:55:23.558] [renderer1] [error] [Extension Host] Error: 
    at /home/alex/.vscode-oss/extensions/kiteco.kite-0.147.0/node_modules/kite-connector/lib/support/linux.js:118:18
    at suppressedCallback (node:fs:263:5)
    at FSReqCallback.oncomplete (node:fs:188:23)
[2022-10-15 11:55:28.563] [renderer1] [error] [Extension Host] Error: 
    at /home/alex/.vscode-oss/extensions/kiteco.kite-0.147.0/node_modules/kite-connector/lib/support/linux.js:118:18
    at suppressedCallback (node:fs:263:5)
    at FSReqCallback.oncomplete (node:fs:188:23)
[2022-10-15 11:56:15.006] [renderer1] [error] [Extension Host] Error: 
    at /home/alex/.vscode-oss/extensions/kiteco.kite-0.147.0/node_modules/kite-connector/lib/support/linux.js:118:18
    at suppressedCallback (node:fs:263:5)
    at FSReqCallback.oncomplete (node:fs:188:23)
[2022-10-15 11:56:18.556] [renderer1] [error] [Extension Host] Error: 
    at /home/alex/.vscode-oss/extensions/kiteco.kite-0.147.0/node_modules/kite-connector/lib/support/linux.js:118:18
    at suppressedCallback (node:fs:263:5)
    at FSReqCallback.oncomplete (node:fs:188:23)
[2022-10-15 11:56:23.556] [renderer1] [error] [Extension Host] Error: 
    at /home/alex/.vscode-oss/extensions/kiteco.kite-0.147.0/node_modules/kite-connector/lib/support/linux.js:118:18
    at suppressedCallback (node:fs:263:5)
    at FSReqCallback.oncomplete (node:fs:188:23)
