[2022-10-15 12:13:44.972] [renderer1] [critical] Extension 'ms-python.python CANNOT USE these API proposals 'quickPickSortByLabel, testObserver'. You MUST start in extension development mode or use the --enable-proposed-api command line flag
[2022-10-15 12:13:44.972] [renderer1] [critical] Extension 'ms-toolsai.jupyter CANNOT USE these API proposals 'notebookControllerKind, notebookDeprecated, notebookMessaging, notebookMime, notebookCellExecutionState, portsAttributes, quickPickSortByLabel, notebookKernelSource, interactiveWindow, notebookControllerAffinityHidden'. You MUST start in extension development mode or use the --enable-proposed-api command line flag
[2022-10-15 12:13:44.972] [renderer1] [critical] Extension 'ms-vscode-remote.remote-containers CANNOT USE these API proposals 'resolvers, workspaceTrust, terminalDimensions, contribViewsRemote'. You MUST start in extension development mode or use the --enable-proposed-api command line flag
[2022-10-15 12:13:44.972] [renderer1] [critical] Extension 'ms-vscode-remote.remote-ssh CANNOT USE these API proposals 'resolvers, terminalDataWriteEvent, contribViewsRemote, telemetry'. You MUST start in extension development mode or use the --enable-proposed-api command line flag
[2022-10-15 12:13:44.972] [renderer1] [critical] Extension 'ms-vscode-remote.remote-wsl CANNOT USE these API proposals 'resolvers, contribViewsRemote, telemetry'. You MUST start in extension development mode or use the --enable-proposed-api command line flag
[2022-10-15 12:13:44.972] [renderer1] [critical] Extension 'ms-vscode.cpptools CANNOT USE these API proposals 'terminalDataWriteEvent'. You MUST start in extension development mode or use the --enable-proposed-api command line flag
[2022-10-15 12:13:44.973] [renderer1] [critical] Extension 'ms-vsliveshare.vsliveshare' wants API proposal 'notebookWorkspaceEdit' but that proposal DOES NOT EXIST. Likely, the proposal has been finalized (check 'vscode.d.ts') or was abandoned.
[2022-10-15 12:13:44.973] [renderer1] [critical] Extension 'ms-vsliveshare.vsliveshare' wants API proposal 'notebookDocumentEvents' but that proposal DOES NOT EXIST. Likely, the proposal has been finalized (check 'vscode.d.ts') or was abandoned.
[2022-10-15 12:13:44.973] [renderer1] [critical] Extension 'ms-vsliveshare.vsliveshare CANNOT USE these API proposals 'contribMenuBarHome, diffCommand, documentFiltersExclusive, fileSearchProvider, findTextInFiles, notebookCellExecutionState, notebookContentProvider, notebookEditor, notebookLiveShare, terminalDimensions, terminalDataWriteEvent, textSearchProvider'. You MUST start in extension development mode or use the --enable-proposed-api command line flag
[2022-10-15 12:13:45.069] [renderer1] [info] [eamodio.gitlens]: Command `gitlens.copyAutolinkUrl` appears multiple times in the `commands` section.
[2022-10-15 12:13:45.081] [renderer1] [error] [ms-toolsai.jupyter]: notebook/kernelSource is a proposed menu identifier. It requires 'package.json#enabledApiProposals: ["notebookKernelSource"]' and is only available when running out of dev or with the following command line switch: --enable-proposed-api ms-toolsai.jupyter
[2022-10-15 12:13:45.086] [renderer1] [error] [ms-vsliveshare.vsliveshare]: menuBar/home is a proposed menu identifier. It requires 'package.json#enabledApiProposals: ["contribMenuBarHome"]' and is only available when running out of dev or with the following command line switch: --enable-proposed-api ms-vsliveshare.vsliveshare
[2022-10-15 12:13:45.136] [renderer1] [warning] [ms-vscode-remote.remote-containers]: View container 'remote' requires 'enabledApiProposals: ["contribViewsRemote"]' to be added to 'Remote'.
[2022-10-15 12:13:45.137] [renderer1] [warning] [ms-vscode-remote.remote-ssh]: View container 'remote' requires 'enabledApiProposals: ["contribViewsRemote"]' to be added to 'Remote'.
[2022-10-15 12:13:45.137] [renderer1] [warning] [ms-vscode-remote.remote-wsl]: View container 'remote' requires 'enabledApiProposals: ["contribViewsRemote"]' to be added to 'Remote'.
[2022-10-15 12:13:46.112] [renderer1] [error] [Extension Host] (node:51032) [DEP0005] DeprecationWarning: Buffer() is deprecated due to security and usability issues. Please use the Buffer.alloc(), Buffer.allocUnsafe(), or Buffer.from() methods instead.
(Use `electron --trace-deprecation ...` to show where the warning was created)
[2022-10-15 12:13:46.348] [renderer1] [error] [Extension Host] Error: 
    at /home/alex/.vscode-oss/extensions/kiteco.kite-0.147.0/node_modules/kite-connector/lib/support/linux.js:118:18
    at suppressedCallback (node:fs:263:5)
    at FSReqCallback.oncomplete (node:fs:188:23)
[2022-10-15 12:13:47.820] [renderer1] [error] ENOENT: no such file or directory, open '/home/alex/.config/Code - OSS/User/globalStorage/vscodevim.vim/.registers': Error: ENOENT: no such file or directory, open '/home/alex/.config/Code - OSS/User/globalStorage/vscodevim.vim/.registers'
[2022-10-15 12:13:47.820] [renderer1] [error] An unknown error occurred. Please consult the log for more details.: Error: 
    at /home/alex/.vscode-oss/extensions/kiteco.kite-0.147.0/node_modules/kite-connector/lib/support/linux.js:118:18
    at suppressedCallback (node:fs:263:5)
    at FSReqCallback.oncomplete (node:fs:188:23)
[2022-10-15 12:13:51.165] [renderer1] [error] [Extension Host] Error: 
    at /home/alex/.vscode-oss/extensions/kiteco.kite-0.147.0/node_modules/kite-connector/lib/support/linux.js:118:18
    at suppressedCallback (node:fs:263:5)
    at FSReqCallback.oncomplete (node:fs:188:23)
[2022-10-15 12:13:56.158] [renderer1] [error] [Extension Host] Error: 
    at /home/alex/.vscode-oss/extensions/kiteco.kite-0.147.0/node_modules/kite-connector/lib/support/linux.js:118:18
    at suppressedCallback (node:fs:263:5)
    at FSReqCallback.oncomplete (node:fs:188:23)
[2022-10-15 12:14:01.161] [renderer1] [error] [Extension Host] Error: 
    at /home/alex/.vscode-oss/extensions/kiteco.kite-0.147.0/node_modules/kite-connector/lib/support/linux.js:118:18
    at suppressedCallback (node:fs:263:5)
    at FSReqCallback.oncomplete (node:fs:188:23)
[2022-10-15 12:14:06.167] [renderer1] [error] [Extension Host] Error: 
    at /home/alex/.vscode-oss/extensions/kiteco.kite-0.147.0/node_modules/kite-connector/lib/support/linux.js:118:18
    at suppressedCallback (node:fs:263:5)
    at FSReqCallback.oncomplete (node:fs:188:23)
[2022-10-15 12:14:11.165] [renderer1] [error] [Extension Host] Error: 
    at /home/alex/.vscode-oss/extensions/kiteco.kite-0.147.0/node_modules/kite-connector/lib/support/linux.js:118:18
    at suppressedCallback (node:fs:263:5)
    at FSReqCallback.oncomplete (node:fs:188:23)
[2022-10-15 12:14:16.168] [renderer1] [error] [Extension Host] Error: 
    at /home/alex/.vscode-oss/extensions/kiteco.kite-0.147.0/node_modules/kite-connector/lib/support/linux.js:118:18
    at suppressedCallback (node:fs:263:5)
    at FSReqCallback.oncomplete (node:fs:188:23)
[2022-10-15 12:14:21.161] [renderer1] [error] [Extension Host] Error: 
    at /home/alex/.vscode-oss/extensions/kiteco.kite-0.147.0/node_modules/kite-connector/lib/support/linux.js:118:18
    at suppressedCallback (node:fs:263:5)
    at FSReqCallback.oncomplete (node:fs:188:23)
[2022-10-15 12:14:26.162] [renderer1] [error] [Extension Host] Error: 
    at /home/alex/.vscode-oss/extensions/kiteco.kite-0.147.0/node_modules/kite-connector/lib/support/linux.js:118:18
    at suppressedCallback (node:fs:263:5)
    at FSReqCallback.oncomplete (node:fs:188:23)
[2022-10-15 12:14:31.165] [renderer1] [error] [Extension Host] Error: 
    at /home/alex/.vscode-oss/extensions/kiteco.kite-0.147.0/node_modules/kite-connector/lib/support/linux.js:118:18
    at suppressedCallback (node:fs:263:5)
    at FSReqCallback.oncomplete (node:fs:188:23)
[2022-10-15 12:14:36.159] [renderer1] [error] [Extension Host] Error: 
    at /home/alex/.vscode-oss/extensions/kiteco.kite-0.147.0/node_modules/kite-connector/lib/support/linux.js:118:18
    at suppressedCallback (node:fs:263:5)
    at FSReqCallback.oncomplete (node:fs:188:23)
[2022-10-15 12:14:41.164] [renderer1] [error] [Extension Host] Error: 
    at /home/alex/.vscode-oss/extensions/kiteco.kite-0.147.0/node_modules/kite-connector/lib/support/linux.js:118:18
    at suppressedCallback (node:fs:263:5)
    at FSReqCallback.oncomplete (node:fs:188:23)
[2022-10-15 12:14:46.167] [renderer1] [error] [Extension Host] Error: 
    at /home/alex/.vscode-oss/extensions/kiteco.kite-0.147.0/node_modules/kite-connector/lib/support/linux.js:118:18
    at suppressedCallback (node:fs:263:5)
    at FSReqCallback.oncomplete (node:fs:188:23)
[2022-10-15 12:14:51.164] [renderer1] [error] [Extension Host] Error: 
    at /home/alex/.vscode-oss/extensions/kiteco.kite-0.147.0/node_modules/kite-connector/lib/support/linux.js:118:18
    at suppressedCallback (node:fs:263:5)
    at FSReqCallback.oncomplete (node:fs:188:23)
[2022-10-15 12:14:56.157] [renderer1] [error] [Extension Host] Error: 
    at /home/alex/.vscode-oss/extensions/kiteco.kite-0.147.0/node_modules/kite-connector/lib/support/linux.js:118:18
    at suppressedCallback (node:fs:263:5)
    at FSReqCallback.oncomplete (node:fs:188:23)
[2022-10-15 12:15:01.164] [renderer1] [error] [Extension Host] Error: 
    at /home/alex/.vscode-oss/extensions/kiteco.kite-0.147.0/node_modules/kite-connector/lib/support/linux.js:118:18
    at suppressedCallback (node:fs:263:5)
    at FSReqCallback.oncomplete (node:fs:188:23)
[2022-10-15 12:15:06.163] [renderer1] [error] [Extension Host] Error: 
    at /home/alex/.vscode-oss/extensions/kiteco.kite-0.147.0/node_modules/kite-connector/lib/support/linux.js:118:18
    at suppressedCallback (node:fs:263:5)
    at FSReqCallback.oncomplete (node:fs:188:23)
[2022-10-15 12:15:11.164] [renderer1] [error] [Extension Host] Error: 
    at /home/alex/.vscode-oss/extensions/kiteco.kite-0.147.0/node_modules/kite-connector/lib/support/linux.js:118:18
    at suppressedCallback (node:fs:263:5)
    at FSReqCallback.oncomplete (node:fs:188:23)
[2022-10-15 12:15:16.167] [renderer1] [error] [Extension Host] Error: 
    at /home/alex/.vscode-oss/extensions/kiteco.kite-0.147.0/node_modules/kite-connector/lib/support/linux.js:118:18
    at suppressedCallback (node:fs:263:5)
    at FSReqCallback.oncomplete (node:fs:188:23)
[2022-10-15 12:15:21.164] [renderer1] [error] [Extension Host] Error: 
    at /home/alex/.vscode-oss/extensions/kiteco.kite-0.147.0/node_modules/kite-connector/lib/support/linux.js:118:18
    at suppressedCallback (node:fs:263:5)
    at FSReqCallback.oncomplete (node:fs:188:23)
[2022-10-15 12:15:26.168] [renderer1] [error] [Extension Host] Error: 
    at /home/alex/.vscode-oss/extensions/kiteco.kite-0.147.0/node_modules/kite-connector/lib/support/linux.js:118:18
    at suppressedCallback (node:fs:263:5)
    at FSReqCallback.oncomplete (node:fs:188:23)
[2022-10-15 12:15:31.159] [renderer1] [error] [Extension Host] Error: 
    at /home/alex/.vscode-oss/extensions/kiteco.kite-0.147.0/node_modules/kite-connector/lib/support/linux.js:118:18
    at suppressedCallback (node:fs:263:5)
    at FSReqCallback.oncomplete (node:fs:188:23)
[2022-10-15 12:15:36.166] [renderer1] [error] [Extension Host] Error: 
    at /home/alex/.vscode-oss/extensions/kiteco.kite-0.147.0/node_modules/kite-connector/lib/support/linux.js:118:18
    at suppressedCallback (node:fs:263:5)
    at FSReqCallback.oncomplete (node:fs:188:23)
[2022-10-15 12:15:41.160] [renderer1] [error] [Extension Host] Error: 
    at /home/alex/.vscode-oss/extensions/kiteco.kite-0.147.0/node_modules/kite-connector/lib/support/linux.js:118:18
    at suppressedCallback (node:fs:263:5)
    at FSReqCallback.oncomplete (node:fs:188:23)
[2022-10-15 12:15:46.168] [renderer1] [error] [Extension Host] Error: 
    at /home/alex/.vscode-oss/extensions/kiteco.kite-0.147.0/node_modules/kite-connector/lib/support/linux.js:118:18
    at suppressedCallback (node:fs:263:5)
    at FSReqCallback.oncomplete (node:fs:188:23)
[2022-10-15 12:15:51.170] [renderer1] [error] [Extension Host] Error: 
    at /home/alex/.vscode-oss/extensions/kiteco.kite-0.147.0/node_modules/kite-connector/lib/support/linux.js:118:18
    at suppressedCallback (node:fs:263:5)
    at FSReqCallback.oncomplete (node:fs:188:23)
[2022-10-15 12:15:56.167] [renderer1] [error] [Extension Host] Error: 
    at /home/alex/.vscode-oss/extensions/kiteco.kite-0.147.0/node_modules/kite-connector/lib/support/linux.js:118:18
    at suppressedCallback (node:fs:263:5)
    at FSReqCallback.oncomplete (node:fs:188:23)
[2022-10-15 12:16:01.171] [renderer1] [error] [Extension Host] Error: 
    at /home/alex/.vscode-oss/extensions/kiteco.kite-0.147.0/node_modules/kite-connector/lib/support/linux.js:118:18
    at suppressedCallback (node:fs:263:5)
    at FSReqCallback.oncomplete (node:fs:188:23)
[2022-10-15 12:16:06.169] [renderer1] [error] [Extension Host] Error: 
    at /home/alex/.vscode-oss/extensions/kiteco.kite-0.147.0/node_modules/kite-connector/lib/support/linux.js:118:18
    at suppressedCallback (node:fs:263:5)
    at FSReqCallback.oncomplete (node:fs:188:23)
[2022-10-15 12:16:11.175] [renderer1] [error] [Extension Host] Error: 
    at /home/alex/.vscode-oss/extensions/kiteco.kite-0.147.0/node_modules/kite-connector/lib/support/linux.js:118:18
    at suppressedCallback (node:fs:263:5)
    at FSReqCallback.oncomplete (node:fs:188:23)
[2022-10-15 12:16:16.171] [renderer1] [error] [Extension Host] Error: 
    at /home/alex/.vscode-oss/extensions/kiteco.kite-0.147.0/node_modules/kite-connector/lib/support/linux.js:118:18
    at suppressedCallback (node:fs:263:5)
    at FSReqCallback.oncomplete (node:fs:188:23)
[2022-10-15 12:16:21.172] [renderer1] [error] [Extension Host] Error: 
    at /home/alex/.vscode-oss/extensions/kiteco.kite-0.147.0/node_modules/kite-connector/lib/support/linux.js:118:18
    at suppressedCallback (node:fs:263:5)
    at FSReqCallback.oncomplete (node:fs:188:23)
[2022-10-15 12:16:26.170] [renderer1] [error] [Extension Host] Error: 
    at /home/alex/.vscode-oss/extensions/kiteco.kite-0.147.0/node_modules/kite-connector/lib/support/linux.js:118:18
    at suppressedCallback (node:fs:263:5)
    at FSReqCallback.oncomplete (node:fs:188:23)
[2022-10-15 12:16:31.164] [renderer1] [error] [Extension Host] Error: 
    at /home/alex/.vscode-oss/extensions/kiteco.kite-0.147.0/node_modules/kite-connector/lib/support/linux.js:118:18
    at suppressedCallback (node:fs:263:5)
    at FSReqCallback.oncomplete (node:fs:188:23)
[2022-10-15 12:16:36.171] [renderer1] [error] [Extension Host] Error: 
    at /home/alex/.vscode-oss/extensions/kiteco.kite-0.147.0/node_modules/kite-connector/lib/support/linux.js:118:18
    at suppressedCallback (node:fs:263:5)
    at FSReqCallback.oncomplete (node:fs:188:23)
[2022-10-15 12:16:41.172] [renderer1] [error] [Extension Host] Error: 
    at /home/alex/.vscode-oss/extensions/kiteco.kite-0.147.0/node_modules/kite-connector/lib/support/linux.js:118:18
    at suppressedCallback (node:fs:263:5)
    at FSReqCallback.oncomplete (node:fs:188:23)
[2022-10-15 12:16:46.173] [renderer1] [error] [Extension Host] Error: 
    at /home/alex/.vscode-oss/extensions/kiteco.kite-0.147.0/node_modules/kite-connector/lib/support/linux.js:118:18
    at suppressedCallback (node:fs:263:5)
    at FSReqCallback.oncomplete (node:fs:188:23)
[2022-10-15 12:16:51.172] [renderer1] [error] [Extension Host] Error: 
    at /home/alex/.vscode-oss/extensions/kiteco.kite-0.147.0/node_modules/kite-connector/lib/support/linux.js:118:18
    at suppressedCallback (node:fs:263:5)
    at FSReqCallback.oncomplete (node:fs:188:23)
[2022-10-15 12:16:56.169] [renderer1] [error] [Extension Host] Error: 
    at /home/alex/.vscode-oss/extensions/kiteco.kite-0.147.0/node_modules/kite-connector/lib/support/linux.js:118:18
    at suppressedCallback (node:fs:263:5)
    at FSReqCallback.oncomplete (node:fs:188:23)
[2022-10-15 12:17:01.172] [renderer1] [error] [Extension Host] Error: 
    at /home/alex/.vscode-oss/extensions/kiteco.kite-0.147.0/node_modules/kite-connector/lib/support/linux.js:118:18
    at suppressedCallback (node:fs:263:5)
    at FSReqCallback.oncomplete (node:fs:188:23)
[2022-10-15 12:17:06.170] [renderer1] [error] [Extension Host] Error: 
    at /home/alex/.vscode-oss/extensions/kiteco.kite-0.147.0/node_modules/kite-connector/lib/support/linux.js:118:18
    at suppressedCallback (node:fs:263:5)
    at FSReqCallback.oncomplete (node:fs:188:23)
[2022-10-15 12:17:11.172] [renderer1] [error] [Extension Host] Error: 
    at /home/alex/.vscode-oss/extensions/kiteco.kite-0.147.0/node_modules/kite-connector/lib/support/linux.js:118:18
    at suppressedCallback (node:fs:263:5)
    at FSReqCallback.oncomplete (node:fs:188:23)
[2022-10-15 12:17:16.174] [renderer1] [error] [Extension Host] Error: 
    at /home/alex/.vscode-oss/extensions/kiteco.kite-0.147.0/node_modules/kite-connector/lib/support/linux.js:118:18
    at suppressedCallback (node:fs:263:5)
    at FSReqCallback.oncomplete (node:fs:188:23)
[2022-10-15 12:17:21.171] [renderer1] [error] [Extension Host] Error: 
    at /home/alex/.vscode-oss/extensions/kiteco.kite-0.147.0/node_modules/kite-connector/lib/support/linux.js:118:18
    at suppressedCallback (node:fs:263:5)
    at FSReqCallback.oncomplete (node:fs:188:23)
[2022-10-15 12:17:26.170] [renderer1] [error] [Extension Host] Error: 
    at /home/alex/.vscode-oss/extensions/kiteco.kite-0.147.0/node_modules/kite-connector/lib/support/linux.js:118:18
    at suppressedCallback (node:fs:263:5)
    at FSReqCallback.oncomplete (node:fs:188:23)
[2022-10-15 12:17:31.172] [renderer1] [error] [Extension Host] Error: 
    at /home/alex/.vscode-oss/extensions/kiteco.kite-0.147.0/node_modules/kite-connector/lib/support/linux.js:118:18
    at suppressedCallback (node:fs:263:5)
    at FSReqCallback.oncomplete (node:fs:188:23)
[2022-10-15 12:17:36.176] [renderer1] [error] [Extension Host] Error: 
    at /home/alex/.vscode-oss/extensions/kiteco.kite-0.147.0/node_modules/kite-connector/lib/support/linux.js:118:18
    at suppressedCallback (node:fs:263:5)
    at FSReqCallback.oncomplete (node:fs:188:23)
[2022-10-15 12:17:41.169] [renderer1] [error] [Extension Host] Error: 
    at /home/alex/.vscode-oss/extensions/kiteco.kite-0.147.0/node_modules/kite-connector/lib/support/linux.js:118:18
    at suppressedCallback (node:fs:263:5)
    at FSReqCallback.oncomplete (node:fs:188:23)
[2022-10-15 12:17:46.176] [renderer1] [error] [Extension Host] Error: 
    at /home/alex/.vscode-oss/extensions/kiteco.kite-0.147.0/node_modules/kite-connector/lib/support/linux.js:118:18
    at suppressedCallback (node:fs:263:5)
    at FSReqCallback.oncomplete (node:fs:188:23)
[2022-10-15 12:17:51.177] [renderer1] [error] [Extension Host] Error: 
    at /home/alex/.vscode-oss/extensions/kiteco.kite-0.147.0/node_modules/kite-connector/lib/support/linux.js:118:18
    at suppressedCallback (node:fs:263:5)
    at FSReqCallback.oncomplete (node:fs:188:23)
[2022-10-15 12:17:56.169] [renderer1] [error] [Extension Host] Error: 
    at /home/alex/.vscode-oss/extensions/kiteco.kite-0.147.0/node_modules/kite-connector/lib/support/linux.js:118:18
    at suppressedCallback (node:fs:263:5)
    at FSReqCallback.oncomplete (node:fs:188:23)
[2022-10-15 12:18:01.176] [renderer1] [error] [Extension Host] Error: 
    at /home/alex/.vscode-oss/extensions/kiteco.kite-0.147.0/node_modules/kite-connector/lib/support/linux.js:118:18
    at suppressedCallback (node:fs:263:5)
    at FSReqCallback.oncomplete (node:fs:188:23)
[2022-10-15 12:18:06.177] [renderer1] [error] [Extension Host] Error: 
    at /home/alex/.vscode-oss/extensions/kiteco.kite-0.147.0/node_modules/kite-connector/lib/support/linux.js:118:18
    at suppressedCallback (node:fs:263:5)
    at FSReqCallback.oncomplete (node:fs:188:23)
[2022-10-15 12:18:11.176] [renderer1] [error] [Extension Host] Error: 
    at /home/alex/.vscode-oss/extensions/kiteco.kite-0.147.0/node_modules/kite-connector/lib/support/linux.js:118:18
    at suppressedCallback (node:fs:263:5)
    at FSReqCallback.oncomplete (node:fs:188:23)
[2022-10-15 12:18:16.170] [renderer1] [error] [Extension Host] Error: 
    at /home/alex/.vscode-oss/extensions/kiteco.kite-0.147.0/node_modules/kite-connector/lib/support/linux.js:118:18
    at suppressedCallback (node:fs:263:5)
    at FSReqCallback.oncomplete (node:fs:188:23)
[2022-10-15 12:18:21.178] [renderer1] [error] [Extension Host] Error: 
    at /home/alex/.vscode-oss/extensions/kiteco.kite-0.147.0/node_modules/kite-connector/lib/support/linux.js:118:18
    at suppressedCallback (node:fs:263:5)
    at FSReqCallback.oncomplete (node:fs:188:23)
[2022-10-15 12:18:26.177] [renderer1] [error] [Extension Host] Error: 
    at /home/alex/.vscode-oss/extensions/kiteco.kite-0.147.0/node_modules/kite-connector/lib/support/linux.js:118:18
    at suppressedCallback (node:fs:263:5)
    at FSReqCallback.oncomplete (node:fs:188:23)
[2022-10-15 12:18:31.174] [renderer1] [error] [Extension Host] Error: 
    at /home/alex/.vscode-oss/extensions/kiteco.kite-0.147.0/node_modules/kite-connector/lib/support/linux.js:118:18
    at suppressedCallback (node:fs:263:5)
    at FSReqCallback.oncomplete (node:fs:188:23)
[2022-10-15 12:18:36.177] [renderer1] [error] [Extension Host] Error: 
    at /home/alex/.vscode-oss/extensions/kiteco.kite-0.147.0/node_modules/kite-connector/lib/support/linux.js:118:18
    at suppressedCallback (node:fs:263:5)
    at FSReqCallback.oncomplete (node:fs:188:23)
[2022-10-15 12:18:41.170] [renderer1] [error] [Extension Host] Error: 
    at /home/alex/.vscode-oss/extensions/kiteco.kite-0.147.0/node_modules/kite-connector/lib/support/linux.js:118:18
    at suppressedCallback (node:fs:263:5)
    at FSReqCallback.oncomplete (node:fs:188:23)
[2022-10-15 12:18:46.178] [renderer1] [error] [Extension Host] Error: 
    at /home/alex/.vscode-oss/extensions/kiteco.kite-0.147.0/node_modules/kite-connector/lib/support/linux.js:118:18
    at suppressedCallback (node:fs:263:5)
    at FSReqCallback.oncomplete (node:fs:188:23)
[2022-10-15 12:18:51.177] [renderer1] [error] [Extension Host] Error: 
    at /home/alex/.vscode-oss/extensions/kiteco.kite-0.147.0/node_modules/kite-connector/lib/support/linux.js:118:18
    at suppressedCallback (node:fs:263:5)
    at FSReqCallback.oncomplete (node:fs:188:23)
[2022-10-15 12:18:56.177] [renderer1] [error] [Extension Host] Error: 
    at /home/alex/.vscode-oss/extensions/kiteco.kite-0.147.0/node_modules/kite-connector/lib/support/linux.js:118:18
    at suppressedCallback (node:fs:263:5)
    at FSReqCallback.oncomplete (node:fs:188:23)
[2022-10-15 12:19:01.175] [renderer1] [error] [Extension Host] Error: 
    at /home/alex/.vscode-oss/extensions/kiteco.kite-0.147.0/node_modules/kite-connector/lib/support/linux.js:118:18
    at suppressedCallback (node:fs:263:5)
    at FSReqCallback.oncomplete (node:fs:188:23)
[2022-10-15 12:19:06.171] [renderer1] [error] [Extension Host] Error: 
    at /home/alex/.vscode-oss/extensions/kiteco.kite-0.147.0/node_modules/kite-connector/lib/support/linux.js:118:18
    at suppressedCallback (node:fs:263:5)
    at FSReqCallback.oncomplete (node:fs:188:23)
[2022-10-15 12:19:11.177] [renderer1] [error] [Extension Host] Error: 
    at /home/alex/.vscode-oss/extensions/kiteco.kite-0.147.0/node_modules/kite-connector/lib/support/linux.js:118:18
    at suppressedCallback (node:fs:263:5)
    at FSReqCallback.oncomplete (node:fs:188:23)
[2022-10-15 12:19:16.179] [renderer1] [error] [Extension Host] Error: 
    at /home/alex/.vscode-oss/extensions/kiteco.kite-0.147.0/node_modules/kite-connector/lib/support/linux.js:118:18
    at suppressedCallback (node:fs:263:5)
    at FSReqCallback.oncomplete (node:fs:188:23)
[2022-10-15 12:19:21.173] [renderer1] [error] [Extension Host] Error: 
    at /home/alex/.vscode-oss/extensions/kiteco.kite-0.147.0/node_modules/kite-connector/lib/support/linux.js:118:18
    at suppressedCallback (node:fs:263:5)
    at FSReqCallback.oncomplete (node:fs:188:23)
[2022-10-15 12:19:26.178] [renderer1] [error] [Extension Host] Error: 
    at /home/alex/.vscode-oss/extensions/kiteco.kite-0.147.0/node_modules/kite-connector/lib/support/linux.js:118:18
    at suppressedCallback (node:fs:263:5)
    at FSReqCallback.oncomplete (node:fs:188:23)
[2022-10-15 12:19:31.180] [renderer1] [error] [Extension Host] Error: 
    at /home/alex/.vscode-oss/extensions/kiteco.kite-0.147.0/node_modules/kite-connector/lib/support/linux.js:118:18
    at suppressedCallback (node:fs:263:5)
    at FSReqCallback.oncomplete (node:fs:188:23)
[2022-10-15 12:19:36.180] [renderer1] [error] [Extension Host] Error: 
    at /home/alex/.vscode-oss/extensions/kiteco.kite-0.147.0/node_modules/kite-connector/lib/support/linux.js:118:18
    at suppressedCallback (node:fs:263:5)
    at FSReqCallback.oncomplete (node:fs:188:23)
[2022-10-15 12:19:41.176] [renderer1] [error] [Extension Host] Error: 
    at /home/alex/.vscode-oss/extensions/kiteco.kite-0.147.0/node_modules/kite-connector/lib/support/linux.js:118:18
    at suppressedCallback (node:fs:263:5)
    at FSReqCallback.oncomplete (node:fs:188:23)
[2022-10-15 12:19:46.180] [renderer1] [error] [Extension Host] Error: 
    at /home/alex/.vscode-oss/extensions/kiteco.kite-0.147.0/node_modules/kite-connector/lib/support/linux.js:118:18
    at suppressedCallback (node:fs:263:5)
    at FSReqCallback.oncomplete (node:fs:188:23)
[2022-10-15 12:19:51.181] [renderer1] [error] [Extension Host] Error: 
    at /home/alex/.vscode-oss/extensions/kiteco.kite-0.147.0/node_modules/kite-connector/lib/support/linux.js:118:18
    at suppressedCallback (node:fs:263:5)
    at FSReqCallback.oncomplete (node:fs:188:23)
[2022-10-15 12:19:56.181] [renderer1] [error] [Extension Host] Error: 
    at /home/alex/.vscode-oss/extensions/kiteco.kite-0.147.0/node_modules/kite-connector/lib/support/linux.js:118:18
    at suppressedCallback (node:fs:263:5)
    at FSReqCallback.oncomplete (node:fs:188:23)
[2022-10-15 12:20:01.176] [renderer1] [error] [Extension Host] Error: 
    at /home/alex/.vscode-oss/extensions/kiteco.kite-0.147.0/node_modules/kite-connector/lib/support/linux.js:118:18
    at suppressedCallback (node:fs:263:5)
    at FSReqCallback.oncomplete (node:fs:188:23)
[2022-10-15 12:20:06.179] [renderer1] [error] [Extension Host] Error: 
    at /home/alex/.vscode-oss/extensions/kiteco.kite-0.147.0/node_modules/kite-connector/lib/support/linux.js:118:18
    at suppressedCallback (node:fs:263:5)
    at FSReqCallback.oncomplete (node:fs:188:23)
[2022-10-15 12:20:11.179] [renderer1] [error] [Extension Host] Error: 
    at /home/alex/.vscode-oss/extensions/kiteco.kite-0.147.0/node_modules/kite-connector/lib/support/linux.js:118:18
    at suppressedCallback (node:fs:263:5)
    at FSReqCallback.oncomplete (node:fs:188:23)
[2022-10-15 12:20:16.183] [renderer1] [error] [Extension Host] Error: 
    at /home/alex/.vscode-oss/extensions/kiteco.kite-0.147.0/node_modules/kite-connector/lib/support/linux.js:118:18
    at suppressedCallback (node:fs:263:5)
    at FSReqCallback.oncomplete (node:fs:188:23)
[2022-10-15 12:20:21.186] [renderer1] [error] [Extension Host] Error: 
    at /home/alex/.vscode-oss/extensions/kiteco.kite-0.147.0/node_modules/kite-connector/lib/support/linux.js:118:18
    at suppressedCallback (node:fs:263:5)
    at FSReqCallback.oncomplete (node:fs:188:23)
[2022-10-15 12:20:26.184] [renderer1] [error] [Extension Host] Error: 
    at /home/alex/.vscode-oss/extensions/kiteco.kite-0.147.0/node_modules/kite-connector/lib/support/linux.js:118:18
    at suppressedCallback (node:fs:263:5)
    at FSReqCallback.oncomplete (node:fs:188:23)
[2022-10-15 12:20:31.180] [renderer1] [error] [Extension Host] Error: 
    at /home/alex/.vscode-oss/extensions/kiteco.kite-0.147.0/node_modules/kite-connector/lib/support/linux.js:118:18
    at suppressedCallback (node:fs:263:5)
    at FSReqCallback.oncomplete (node:fs:188:23)
[2022-10-15 12:20:36.185] [renderer1] [error] [Extension Host] Error: 
    at /home/alex/.vscode-oss/extensions/kiteco.kite-0.147.0/node_modules/kite-connector/lib/support/linux.js:118:18
    at suppressedCallback (node:fs:263:5)
    at FSReqCallback.oncomplete (node:fs:188:23)
[2022-10-15 12:20:41.179] [renderer1] [error] [Extension Host] Error: 
    at /home/alex/.vscode-oss/extensions/kiteco.kite-0.147.0/node_modules/kite-connector/lib/support/linux.js:118:18
    at suppressedCallback (node:fs:263:5)
    at FSReqCallback.oncomplete (node:fs:188:23)
[2022-10-15 12:20:46.183] [renderer1] [error] [Extension Host] Error: 
    at /home/alex/.vscode-oss/extensions/kiteco.kite-0.147.0/node_modules/kite-connector/lib/support/linux.js:118:18
    at suppressedCallback (node:fs:263:5)
    at FSReqCallback.oncomplete (node:fs:188:23)
[2022-10-15 12:20:51.185] [renderer1] [error] [Extension Host] Error: 
    at /home/alex/.vscode-oss/extensions/kiteco.kite-0.147.0/node_modules/kite-connector/lib/support/linux.js:118:18
    at suppressedCallback (node:fs:263:5)
    at FSReqCallback.oncomplete (node:fs:188:23)
[2022-10-15 12:20:56.178] [renderer1] [error] [Extension Host] Error: 
    at /home/alex/.vscode-oss/extensions/kiteco.kite-0.147.0/node_modules/kite-connector/lib/support/linux.js:118:18
    at suppressedCallback (node:fs:263:5)
    at FSReqCallback.oncomplete (node:fs:188:23)
[2022-10-15 12:21:01.179] [renderer1] [error] [Extension Host] Error: 
    at /home/alex/.vscode-oss/extensions/kiteco.kite-0.147.0/node_modules/kite-connector/lib/support/linux.js:118:18
    at suppressedCallback (node:fs:263:5)
    at FSReqCallback.oncomplete (node:fs:188:23)
[2022-10-15 12:21:06.185] [renderer1] [error] [Extension Host] Error: 
    at /home/alex/.vscode-oss/extensions/kiteco.kite-0.147.0/node_modules/kite-connector/lib/support/linux.js:118:18
    at suppressedCallback (node:fs:263:5)
    at FSReqCallback.oncomplete (node:fs:188:23)
[2022-10-15 12:21:11.182] [renderer1] [error] [Extension Host] Error: 
    at /home/alex/.vscode-oss/extensions/kiteco.kite-0.147.0/node_modules/kite-connector/lib/support/linux.js:118:18
    at suppressedCallback (node:fs:263:5)
    at FSReqCallback.oncomplete (node:fs:188:23)
[2022-10-15 12:21:16.178] [renderer1] [error] [Extension Host] Error: 
    at /home/alex/.vscode-oss/extensions/kiteco.kite-0.147.0/node_modules/kite-connector/lib/support/linux.js:118:18
    at suppressedCallback (node:fs:263:5)
    at FSReqCallback.oncomplete (node:fs:188:23)
