00:00:00.000557 main     VirtualBox XPCOM Server 7.0.8 r156879 linux.amd64 (Apr 18 2023 21:49:14) release log
00:00:00.000559 main     Log opened 2023-05-22T20:58:15.114658000Z
00:00:00.000559 main     Build Type: release
00:00:00.000560 main     OS Product: Linux
00:00:00.000560 main     OS Release: 6.1.29-1-lts
00:00:00.000561 main     OS Version: #1 SMP PREEMPT_DYNAMIC Wed, 17 May 2023 11:35:20 +0000
00:00:00.000572 main     DMI Product Name: System Product Name
00:00:00.000575 main     DMI Product Version: System Version
00:00:00.000577 main     Firmware type: UEFI
00:00:00.001331 main     Secure Boot: Disabled
00:00:00.001350 main     Host RAM: 32021MB (31.2GB) total, 28428MB (27.7GB) available
00:00:00.001352 main     Executable: /usr/lib/virtualbox/VBoxSVC
00:00:00.001352 main     Process ID: 3177
00:00:00.001353 main     Package type: LINUX_64BITS_GENERIC (OSE)
00:00:00.002146 main     IPC socket path: /tmp/.vbox-alex-ipc/ipcd
00:00:00.105953 nspr-2   VirtualBox: object creation starts
00:00:00.106106 nspr-2   Home directory: '/home/alex/.config/VirtualBox'
00:00:00.106365 nspr-2   Loading settings file "/home/alex/.config/VirtualBox/VirtualBox.xml" with version "1.12-linux"
00:00:00.108139 nspr-2   HostDnsMonitor: initializing
00:00:00.108729 nspr-2   NAT: resolv.conf: nameserver 8.8.8.8
00:00:00.108758 nspr-2   NAT: resolv.conf: nameserver 4.4.4.4
00:00:00.108766 nspr-2   NAT: resolv.conf: nameserver 212.142.173.64
00:00:00.108776 nspr-2   NAT: resolv.conf: too many nameserver lines, ignoring 77.26.11.232
00:00:00.108794 nspr-2   HostDnsMonitor: updating information
00:00:00.108839 nspr-2   HostDnsMonitor: old information
00:00:00.108846 nspr-2     no server entries
00:00:00.108852 nspr-2     no domain set
00:00:00.108857 nspr-2     no search string entries
00:00:00.108862 nspr-2   HostDnsMonitor: new information
00:00:00.108867 nspr-2     server 1: 8.8.8.8
00:00:00.108874 nspr-2     server 2: 4.4.4.4
00:00:00.108879 nspr-2     server 3: 212.142.173.64
00:00:00.108884 nspr-2     no domain set
00:00:00.108889 nspr-2     no search string entries
00:00:00.114832 nspr-2   Failed to open "/dev/vboxdrvu", errno=2, rc=VERR_VM_DRIVER_NOT_INSTALLED
00:00:00.115180 nspr-2   VD: VDInit finished with VINF_SUCCESS
00:00:00.115364 nspr-2   ERROR [COM]: aRC=NS_ERROR_FAILURE (0x80004005) aIID={aac6c7cb-a371-4c58-ab51-0616896b2f2c} aComponent={SystemPropertiesWrap} aText={Cannot determine default Guest Additions ISO location. Most likely they are not available}, preserve=false aResultDetail=0
00:00:00.117314 nspr-2   Loading settings file "/home/alex/VirtualBox VMs/sd/sd.vbox" with version "1.19-linux"
00:00:00.118976 nspr-2   Loading settings file "/home/alex/VirtualBox VMs/AlexLinux/AlexLinux.vbox" with version "1.19-linux"
00:00:00.120600 nspr-2   VirtualBox: object created
00:00:00.737597 nspr-4   WARNING [COM]: aRC=NS_ERROR_FAILURE (0x80004005) aIID={e54f6256-97a7-4947-8a78-10c013ddf4b8} aComponent={HostWrap} aText={VirtualBox is not currently allowed to access USB devices.  You can change this by adding your user to the 'vboxusers' group.  Please see the user manual for a more detailed explanation}, preserve=true aResultDetail=0
00:00:00.738424 nspr-4   WARNING [COM]: aRC=NS_ERROR_FAILURE (0x80004005) aIID={e54f6256-97a7-4947-8a78-10c013ddf4b8} aComponent={HostWrap} aText={VirtualBox is not currently allowed to access USB devices.  You can change this by adding your user to the 'vboxusers' group.  Please see the user manual for a more detailed explanation}, preserve=false aResultDetail=0
00:00:00.796598 nspr-3   ERROR [COM]: aRC=VBOX_E_INVALID_VM_STATE (0x80bb0002) aIID={300763af-5d6b-46e6-aa96-273eac15538a} aComponent={MachineWrap} aText={The machine is not mutable (state is PoweredOff)}, preserve=false aResultDetail=0
00:00:00.797008 nspr-3   Failed to open "/dev/vboxdrvu", errno=2, rc=VERR_VM_DRIVER_NOT_INSTALLED
00:00:00.887101 nspr-3   WARNING [COM]: aRC=NS_ERROR_FAILURE (0x80004005) aIID={e54f6256-97a7-4947-8a78-10c013ddf4b8} aComponent={HostWrap} aText={VirtualBox is not currently allowed to access USB devices.  You can change this by adding your user to the 'vboxusers' group.  Please see the user manual for a more detailed explanation}, preserve=true aResultDetail=0
00:00:00.887584 nspr-3   WARNING [COM]: aRC=NS_ERROR_FAILURE (0x80004005) aIID={e54f6256-97a7-4947-8a78-10c013ddf4b8} aComponent={HostWrap} aText={VirtualBox is not currently allowed to access USB devices.  You can change this by adding your user to the 'vboxusers' group.  Please see the user manual for a more detailed explanation}, preserve=true aResultDetail=0
00:02:59.568455 main     VirtualBox: object deletion starts
00:02:59.568499 main     ERROR [COM]: aRC=VBOX_E_OBJECT_IN_USE (0x80bb000c) aIID={ad47ad09-787b-44ab-b343-a082a3f2dfb1} aComponent={MediumWrap} aText={Medium '/home/alex/VirtualBox VMs/sd/sd.vdi' cannot be closed because it is still attached to 1 virtual machines}, preserve=false aResultDetail=0
00:02:59.568604 main     ERROR [COM]: aRC=VBOX_E_OBJECT_IN_USE (0x80bb000c) aIID={ad47ad09-787b-44ab-b343-a082a3f2dfb1} aComponent={MediumWrap} aText={Medium '/home/alex/VirtualBox VMs/AlexLinux/AlexLinux.vdi' cannot be closed because it is still attached to 1 virtual machines}, preserve=false aResultDetail=0
00:02:59.568810 main     HostDnsMonitor: shutting down ...
00:02:59.569000 main     HostDnsMonitor: shut down
00:02:59.579641 Watcher  ERROR [COM]: aRC=E_ACCESSDENIED (0x80070005) aIID={7682d5eb-f00e-44f1-8ca2-99d08b1cd607} aComponent={VirtualBoxWrap} aText={The object is not ready}, preserve=false aResultDetail=0
00:02:59.579686 main     VirtualBox: object deleted
