[2022-09-29 21:58:42.594] [renderer1] [error] Error: File not found
    at g.handleSetInputError (vscode-file://vscode-app/usr/lib/code/out/vs/workbench/workbench.desktop.main.js:2727:95841)
    at async g.setInput (vscode-file://vscode-app/usr/lib/code/out/vs/workbench/workbench.desktop.main.js:2727:95081)
    at async r.doSetInput (vscode-file://vscode-app/usr/lib/code/out/vs/workbench/workbench.desktop.main.js:2725:6429)
    at async r.doOpenEditor (vscode-file://vscode-app/usr/lib/code/out/vs/workbench/workbench.desktop.main.js:2725:4791)
    at async r.openEditor (vscode-file://vscode-app/usr/lib/code/out/vs/workbench/workbench.desktop.main.js:2725:3783)
    at async vscode-file://vscode-app/usr/lib/code/out/vs/workbench/workbench.desktop.main.js:2932:16794
[2022-09-29 21:58:42.936] [renderer1] [critical] Extension 'ms-python.python CANNOT USE these API proposals 'quickPickSortByLabel, testObserver'. You MUST start in extension development mode or use the --enable-proposed-api command line flag
[2022-09-29 21:58:42.936] [renderer1] [critical] Extension 'ms-toolsai.jupyter CANNOT USE these API proposals 'notebookControllerKind, notebookWorkspaceEdit, notebookDebugOptions, notebookDeprecated, notebookMessaging, notebookMime, notebookCellExecutionState, portsAttributes, quickPickSortByLabel, notebookKernelSource, interactiveWindow'. You MUST start in extension development mode or use the --enable-proposed-api command line flag
[2022-09-29 21:58:42.936] [renderer1] [critical] Extension 'ms-vscode-remote.remote-containers CANNOT USE these API proposals 'resolvers, workspaceTrust, terminalDimensions, contribViewsRemote'. You MUST start in extension development mode or use the --enable-proposed-api command line flag
[2022-09-29 21:58:42.936] [renderer1] [critical] Extension 'ms-vscode-remote.remote-ssh CANNOT USE these API proposals 'resolvers, terminalDataWriteEvent, contribViewsRemote, telemetry'. You MUST start in extension development mode or use the --enable-proposed-api command line flag
[2022-09-29 21:58:42.937] [renderer1] [critical] Extension 'ms-vscode-remote.remote-wsl CANNOT USE these API proposals 'resolvers, contribViewsRemote, telemetry'. You MUST start in extension development mode or use the --enable-proposed-api command line flag
[2022-09-29 21:58:42.937] [renderer1] [critical] Extension 'ms-vscode.cpptools CANNOT USE these API proposals 'terminalDataWriteEvent'. You MUST start in extension development mode or use the --enable-proposed-api command line flag
[2022-09-29 21:58:42.937] [renderer1] [critical] Extension 'ms-vsliveshare.vsliveshare' wants API proposal 'notebookDocumentEvents' but that proposal DOES NOT EXIST. Likely, the proposal has been finalized (check 'vscode.d.ts') or was abandoned.
[2022-09-29 21:58:42.937] [renderer1] [critical] Extension 'ms-vsliveshare.vsliveshare CANNOT USE these API proposals 'contribMenuBarHome, diffCommand, documentFiltersExclusive, fileSearchProvider, findTextInFiles, notebookCellExecutionState, notebookContentProvider, notebookEditor, notebookWorkspaceEdit, notebookLiveShare, terminalDimensions, terminalDataWriteEvent, textSearchProvider'. You MUST start in extension development mode or use the --enable-proposed-api command line flag
[2022-09-29 21:58:43.038] [renderer1] [error] [ms-toolsai.jupyter]: notebook/kernelSource is a proposed menu identifier. It requires 'package.json#enabledApiProposals: ["notebookKernelSource"]' and is only available when running out of dev or with the following command line switch: --enable-proposed-api ms-toolsai.jupyter
[2022-09-29 21:58:43.040] [renderer1] [error] [ms-vsliveshare.vsliveshare]: menuBar/home is a proposed menu identifier. It requires 'package.json#enabledApiProposals: ["contribMenuBarHome"]' and is only available when running out of dev or with the following command line switch: --enable-proposed-api ms-vsliveshare.vsliveshare
[2022-09-29 21:58:43.099] [renderer1] [warning] [ms-vscode-remote.remote-containers]: View container 'remote' requires 'enabledApiProposals: ["contribViewsRemote"]' to be added to 'Remote'.
[2022-09-29 21:58:43.099] [renderer1] [warning] [ms-vscode-remote.remote-ssh]: View container 'remote' requires 'enabledApiProposals: ["contribViewsRemote"]' to be added to 'Remote'.
[2022-09-29 21:58:43.100] [renderer1] [warning] [ms-vscode-remote.remote-wsl]: View container 'remote' requires 'enabledApiProposals: ["contribViewsRemote"]' to be added to 'Remote'.
[2022-09-29 21:58:44.040] [renderer1] [error] [Extension Host] (node:113700) [DEP0005] DeprecationWarning: Buffer() is deprecated due to security and usability issues. Please use the Buffer.alloc(), Buffer.allocUnsafe(), or Buffer.from() methods instead.
(Use `electron --trace-deprecation ...` to show where the warning was created)
[2022-09-29 21:58:45.060] [renderer1] [error] ENOENT: no such file or directory, open '/home/alex/.config/Code - OSS/User/globalStorage/vscodevim.vim/.registers': Error: ENOENT: no such file or directory, open '/home/alex/.config/Code - OSS/User/globalStorage/vscodevim.vim/.registers'
