["INFO" - 11:54:54 AM] Extension Name: esbenp.prettier-vscode.
["INFO" - 11:54:54 AM] Extension Version: 9.8.0.
["INFO" - 11:56:19 AM] Formatting file:///home/alex/.mozilla/firefox/bzx9qndp.default-release/chrome/userChrome.css
["INFO" - 11:56:19 AM] Using ignore file (if present) at /home/alex/.mozilla/firefox/bzx9qndp.default-release/chrome/.prettierignore
["INFO" - 11:56:19 AM] File Info:
{
  "ignored": false,
  "inferredParser": "css"
}
["INFO" - 11:56:19 AM] No local configuration (i.e. .prettierrc or .editorconfig) detected, falling back to VS Code configuration
["INFO" - 11:56:19 AM] Prettier Options:
{
  "arrowParens": "always",
  "bracketSpacing": true,
  "endOfLine": "lf",
  "htmlWhitespaceSensitivity": "css",
  "insertPragma": false,
  "singleAttributePerLine": false,
  "bracketSameLine": false,
  "jsxBracketSameLine": false,
  "jsxSingleQuote": false,
  "printWidth": 80,
  "proseWrap": "preserve",
  "quoteProps": "as-needed",
  "requirePragma": false,
  "semi": true,
  "singleQuote": false,
  "tabWidth": 2,
  "trailingComma": "es5",
  "useTabs": false,
  "vueIndentScriptAndStyle": false,
  "filepath": "/home/alex/.mozilla/firefox/bzx9qndp.default-release/chrome/userChrome.css",
  "parser": "css"
}
["INFO" - 11:56:19 AM] Formatting completed in 66ms.
