[2022-09-12 17:24:36.190] [renderer1] [critical] Extension 'ms-python.python CANNOT USE these API proposals 'quickPickSortByLabel, testObserver'. You MUST start in extension development mode or use the --enable-proposed-api command line flag
[2022-09-12 17:24:36.190] [renderer1] [critical] Extension 'ms-toolsai.jupyter CANNOT USE these API proposals 'notebookControllerKind, notebookWorkspaceEdit, notebookDebugOptions, notebookDeprecated, notebookMessaging, notebookMime, notebookCellExecutionState, portsAttributes, quickPickSortByLabel, notebookKernelSource'. You MUST start in extension development mode or use the --enable-proposed-api command line flag
[2022-09-12 17:24:36.190] [renderer1] [critical] Extension 'ms-vscode-remote.remote-containers CANNOT USE these API proposals 'resolvers, workspaceTrust, terminalDimensions, contribViewsRemote'. You MUST start in extension development mode or use the --enable-proposed-api command line flag
[2022-09-12 17:24:36.190] [renderer1] [critical] Extension 'ms-vscode-remote.remote-ssh CANNOT USE these API proposals 'resolvers, terminalDataWriteEvent, contribViewsRemote, telemetry'. You MUST start in extension development mode or use the --enable-proposed-api command line flag
[2022-09-12 17:24:36.190] [renderer1] [critical] Extension 'ms-vscode-remote.remote-wsl CANNOT USE these API proposals 'resolvers, contribViewsRemote, telemetry'. You MUST start in extension development mode or use the --enable-proposed-api command line flag
[2022-09-12 17:24:36.190] [renderer1] [critical] Extension 'ms-vscode.cpptools CANNOT USE these API proposals 'terminalDataWriteEvent'. You MUST start in extension development mode or use the --enable-proposed-api command line flag
[2022-09-12 17:24:36.191] [renderer1] [critical] Extension 'ms-vsliveshare.vsliveshare' wants API proposal 'notebookDocumentEvents' but that proposal DOES NOT EXIST. Likely, the proposal has been finalized (check 'vscode.d.ts') or was abandoned.
[2022-09-12 17:24:36.191] [renderer1] [critical] Extension 'ms-vsliveshare.vsliveshare CANNOT USE these API proposals 'contribMenuBarHome, diffCommand, documentFiltersExclusive, fileSearchProvider, findTextInFiles, notebookCellExecutionState, notebookContentProvider, notebookEditor, notebookWorkspaceEdit, notebookLiveShare, terminalDimensions, terminalDataWriteEvent, textSearchProvider'. You MUST start in extension development mode or use the --enable-proposed-api command line flag
[2022-09-12 17:24:36.297] [renderer1] [error] [ms-toolsai.jupyter]: notebook/kernelSource is a proposed menu identifier. It requires 'package.json#enabledApiProposals: ["notebookKernelSource"]' and is only available when running out of dev or with the following command line switch: --enable-proposed-api ms-toolsai.jupyter
[2022-09-12 17:24:36.298] [renderer1] [error] [ms-vsliveshare.vsliveshare]: menuBar/home is a proposed menu identifier. It requires 'package.json#enabledApiProposals: ["contribMenuBarHome"]' and is only available when running out of dev or with the following command line switch: --enable-proposed-api ms-vsliveshare.vsliveshare
[2022-09-12 17:24:36.345] [renderer1] [warning] [ms-vscode-remote.remote-containers]: View container 'remote' requires 'enabledApiProposals: ["contribViewsRemote"]' to be added to 'Remote'.
[2022-09-12 17:24:36.345] [renderer1] [warning] [ms-vscode-remote.remote-ssh]: View container 'remote' requires 'enabledApiProposals: ["contribViewsRemote"]' to be added to 'Remote'.
[2022-09-12 17:24:36.345] [renderer1] [warning] [ms-vscode-remote.remote-wsl]: View container 'remote' requires 'enabledApiProposals: ["contribViewsRemote"]' to be added to 'Remote'.
[2022-09-12 17:24:37.201] [renderer1] [error] [Extension Host] (node:1752) [DEP0005] DeprecationWarning: Buffer() is deprecated due to security and usability issues. Please use the Buffer.alloc(), Buffer.allocUnsafe(), or Buffer.from() methods instead.
(Use `electron --trace-deprecation ...` to show where the warning was created)
[2022-09-12 17:24:38.279] [renderer1] [error] ENOENT: no such file or directory, open '/home/alex/.config/Code - OSS/User/globalStorage/vscodevim.vim/.registers': Error: ENOENT: no such file or directory, open '/home/alex/.config/Code - OSS/User/globalStorage/vscodevim.vim/.registers'
[2022-09-12 17:24:38.281] [renderer1] [error] An unknown error occurred. Please consult the log for more details.: Error: 
    at /home/alex/.vscode-oss/extensions/kiteco.kite-0.147.0/node_modules/kite-connector/lib/support/linux.js:118:18
    at suppressedCallback (node:fs:263:5)
    at FSReqCallback.oncomplete (node:fs:188:23)
[2022-09-12 17:25:19.670] [renderer1] [critical] Extension 'ms-python.python CANNOT USE these API proposals 'quickPickSortByLabel, testObserver'. You MUST start in extension development mode or use the --enable-proposed-api command line flag
[2022-09-12 17:25:19.670] [renderer1] [critical] Extension 'ms-toolsai.jupyter CANNOT USE these API proposals 'notebookControllerKind, notebookWorkspaceEdit, notebookDebugOptions, notebookDeprecated, notebookMessaging, notebookMime, notebookCellExecutionState, portsAttributes, quickPickSortByLabel, notebookKernelSource, interactiveWindow'. You MUST start in extension development mode or use the --enable-proposed-api command line flag
[2022-09-12 17:25:19.670] [renderer1] [critical] Extension 'ms-vscode-remote.remote-containers CANNOT USE these API proposals 'resolvers, workspaceTrust, terminalDimensions, contribViewsRemote'. You MUST start in extension development mode or use the --enable-proposed-api command line flag
[2022-09-12 17:25:19.670] [renderer1] [critical] Extension 'ms-vscode-remote.remote-ssh CANNOT USE these API proposals 'resolvers, terminalDataWriteEvent, contribViewsRemote, telemetry'. You MUST start in extension development mode or use the --enable-proposed-api command line flag
[2022-09-12 17:25:19.671] [renderer1] [critical] Extension 'ms-vscode-remote.remote-wsl CANNOT USE these API proposals 'resolvers, contribViewsRemote, telemetry'. You MUST start in extension development mode or use the --enable-proposed-api command line flag
[2022-09-12 17:25:19.671] [renderer1] [critical] Extension 'ms-vscode.cpptools CANNOT USE these API proposals 'terminalDataWriteEvent'. You MUST start in extension development mode or use the --enable-proposed-api command line flag
[2022-09-12 17:25:19.671] [renderer1] [critical] Extension 'ms-vsliveshare.vsliveshare' wants API proposal 'notebookDocumentEvents' but that proposal DOES NOT EXIST. Likely, the proposal has been finalized (check 'vscode.d.ts') or was abandoned.
[2022-09-12 17:25:19.671] [renderer1] [critical] Extension 'ms-vsliveshare.vsliveshare CANNOT USE these API proposals 'contribMenuBarHome, diffCommand, documentFiltersExclusive, fileSearchProvider, findTextInFiles, notebookCellExecutionState, notebookContentProvider, notebookEditor, notebookWorkspaceEdit, notebookLiveShare, terminalDimensions, terminalDataWriteEvent, textSearchProvider'. You MUST start in extension development mode or use the --enable-proposed-api command line flag
[2022-09-12 17:25:19.763] [renderer1] [error] [ms-toolsai.jupyter]: notebook/kernelSource is a proposed menu identifier. It requires 'package.json#enabledApiProposals: ["notebookKernelSource"]' and is only available when running out of dev or with the following command line switch: --enable-proposed-api ms-toolsai.jupyter
[2022-09-12 17:25:19.765] [renderer1] [error] [ms-vsliveshare.vsliveshare]: menuBar/home is a proposed menu identifier. It requires 'package.json#enabledApiProposals: ["contribMenuBarHome"]' and is only available when running out of dev or with the following command line switch: --enable-proposed-api ms-vsliveshare.vsliveshare
[2022-09-12 17:25:19.824] [renderer1] [warning] [ms-vscode-remote.remote-containers]: View container 'remote' requires 'enabledApiProposals: ["contribViewsRemote"]' to be added to 'Remote'.
[2022-09-12 17:25:19.825] [renderer1] [warning] [ms-vscode-remote.remote-ssh]: View container 'remote' requires 'enabledApiProposals: ["contribViewsRemote"]' to be added to 'Remote'.
[2022-09-12 17:25:19.825] [renderer1] [warning] [ms-vscode-remote.remote-wsl]: View container 'remote' requires 'enabledApiProposals: ["contribViewsRemote"]' to be added to 'Remote'.
[2022-09-12 17:25:20.863] [renderer1] [error] [Extension Host] (node:1899) [DEP0005] DeprecationWarning: Buffer() is deprecated due to security and usability issues. Please use the Buffer.alloc(), Buffer.allocUnsafe(), or Buffer.from() methods instead.
(Use `electron --trace-deprecation ...` to show where the warning was created)
[2022-09-12 17:25:21.087] [renderer1] [critical] Extension 'ms-vscode.cpptools CANNOT USE these API proposals 'terminalDataWriteEvent'. You MUST start in extension development mode or use the --enable-proposed-api command line flag
[2022-09-12 17:25:21.148] [renderer1] [error] [ms-toolsai.jupyter]: notebook/kernelSource is a proposed menu identifier. It requires 'package.json#enabledApiProposals: ["notebookKernelSource"]' and is only available when running out of dev or with the following command line switch: --enable-proposed-api ms-toolsai.jupyter
[2022-09-12 17:25:21.150] [renderer1] [error] [ms-vsliveshare.vsliveshare]: menuBar/home is a proposed menu identifier. It requires 'package.json#enabledApiProposals: ["contribMenuBarHome"]' and is only available when running out of dev or with the following command line switch: --enable-proposed-api ms-vsliveshare.vsliveshare
[2022-09-12 17:25:22.142] [renderer1] [error] ENOENT: no such file or directory, open '/home/alex/.config/Code - OSS/User/globalStorage/vscodevim.vim/.registers': Error: ENOENT: no such file or directory, open '/home/alex/.config/Code - OSS/User/globalStorage/vscodevim.vim/.registers'
[2022-09-12 17:25:23.050] [renderer1] [error] [Extension Host] Error: 
    at /home/alex/.vscode-oss/extensions/kiteco.kite-0.147.0/node_modules/kite-connector/lib/support/linux.js:118:18
    at suppressedCallback (node:fs:263:5)
    at FSReqCallback.oncomplete (node:fs:188:23)
[2022-09-12 17:25:23.969] [renderer1] [error] An unknown error occurred. Please consult the log for more details.: Error: 
    at /home/alex/.vscode-oss/extensions/kiteco.kite-0.147.0/node_modules/kite-connector/lib/support/linux.js:118:18
    at suppressedCallback (node:fs:263:5)
    at FSReqCallback.oncomplete (node:fs:188:23)
[2022-09-12 17:25:27.919] [renderer1] [error] [Extension Host] Error: 
    at /home/alex/.vscode-oss/extensions/kiteco.kite-0.147.0/node_modules/kite-connector/lib/support/linux.js:118:18
    at suppressedCallback (node:fs:263:5)
    at FSReqCallback.oncomplete (node:fs:188:23)
[2022-09-12 17:25:32.916] [renderer1] [error] [Extension Host] Error: 
    at /home/alex/.vscode-oss/extensions/kiteco.kite-0.147.0/node_modules/kite-connector/lib/support/linux.js:118:18
    at suppressedCallback (node:fs:263:5)
    at FSReqCallback.oncomplete (node:fs:188:23)
[2022-09-12 17:25:37.923] [renderer1] [error] [Extension Host] Error: 
    at /home/alex/.vscode-oss/extensions/kiteco.kite-0.147.0/node_modules/kite-connector/lib/support/linux.js:118:18
    at suppressedCallback (node:fs:263:5)
    at FSReqCallback.oncomplete (node:fs:188:23)
[2022-09-12 17:25:42.922] [renderer1] [error] [Extension Host] Error: 
    at /home/alex/.vscode-oss/extensions/kiteco.kite-0.147.0/node_modules/kite-connector/lib/support/linux.js:118:18
    at suppressedCallback (node:fs:263:5)
    at FSReqCallback.oncomplete (node:fs:188:23)
[2022-09-12 17:25:58.119] [renderer1] [error] [Extension Host] Error: 
    at /home/alex/.vscode-oss/extensions/kiteco.kite-0.147.0/node_modules/kite-connector/lib/support/linux.js:118:18
    at suppressedCallback (node:fs:263:5)
    at FSReqCallback.oncomplete (node:fs:188:23)
[2022-09-12 17:26:02.008] [renderer1] [error] [Extension Host] Error: 
    at /home/alex/.vscode-oss/extensions/kiteco.kite-0.147.0/node_modules/kite-connector/lib/support/linux.js:118:18
    at suppressedCallback (node:fs:263:5)
    at FSReqCallback.oncomplete (node:fs:188:23)
[2022-09-12 17:26:02.919] [renderer1] [error] [Extension Host] Error: 
    at /home/alex/.vscode-oss/extensions/kiteco.kite-0.147.0/node_modules/kite-connector/lib/support/linux.js:118:18
    at suppressedCallback (node:fs:263:5)
    at FSReqCallback.oncomplete (node:fs:188:23)
[2022-09-12 17:26:21.829] [renderer1] [error] [Extension Host] Error: 
    at /home/alex/.vscode-oss/extensions/kiteco.kite-0.147.0/node_modules/kite-connector/lib/support/linux.js:118:18
    at suppressedCallback (node:fs:263:5)
    at FSReqCallback.oncomplete (node:fs:188:23)
[2022-09-12 17:26:22.920] [renderer1] [error] [Extension Host] Error: 
    at /home/alex/.vscode-oss/extensions/kiteco.kite-0.147.0/node_modules/kite-connector/lib/support/linux.js:118:18
    at suppressedCallback (node:fs:263:5)
    at FSReqCallback.oncomplete (node:fs:188:23)
[2022-09-12 17:26:27.920] [renderer1] [error] [Extension Host] Error: 
    at /home/alex/.vscode-oss/extensions/kiteco.kite-0.147.0/node_modules/kite-connector/lib/support/linux.js:118:18
    at suppressedCallback (node:fs:263:5)
    at FSReqCallback.oncomplete (node:fs:188:23)
[2022-09-12 17:26:32.926] [renderer1] [error] [Extension Host] Error: 
    at /home/alex/.vscode-oss/extensions/kiteco.kite-0.147.0/node_modules/kite-connector/lib/support/linux.js:118:18
    at suppressedCallback (node:fs:263:5)
    at FSReqCallback.oncomplete (node:fs:188:23)
[2022-09-12 17:26:37.920] [renderer1] [error] [Extension Host] Error: 
    at /home/alex/.vscode-oss/extensions/kiteco.kite-0.147.0/node_modules/kite-connector/lib/support/linux.js:118:18
    at suppressedCallback (node:fs:263:5)
    at FSReqCallback.oncomplete (node:fs:188:23)
[2022-09-12 17:26:42.923] [renderer1] [error] [Extension Host] Error: 
    at /home/alex/.vscode-oss/extensions/kiteco.kite-0.147.0/node_modules/kite-connector/lib/support/linux.js:118:18
    at suppressedCallback (node:fs:263:5)
    at FSReqCallback.oncomplete (node:fs:188:23)
[2022-09-12 17:26:47.923] [renderer1] [error] [Extension Host] Error: 
    at /home/alex/.vscode-oss/extensions/kiteco.kite-0.147.0/node_modules/kite-connector/lib/support/linux.js:118:18
    at suppressedCallback (node:fs:263:5)
    at FSReqCallback.oncomplete (node:fs:188:23)
[2022-09-12 17:26:52.923] [renderer1] [error] [Extension Host] Error: 
    at /home/alex/.vscode-oss/extensions/kiteco.kite-0.147.0/node_modules/kite-connector/lib/support/linux.js:118:18
    at suppressedCallback (node:fs:263:5)
    at FSReqCallback.oncomplete (node:fs:188:23)
[2022-09-12 17:26:57.927] [renderer1] [error] [Extension Host] Error: 
    at /home/alex/.vscode-oss/extensions/kiteco.kite-0.147.0/node_modules/kite-connector/lib/support/linux.js:118:18
    at suppressedCallback (node:fs:263:5)
    at FSReqCallback.oncomplete (node:fs:188:23)
